{"/Users/john/repos/mcp-servers/ocaml-mcp/npx-wrapper/bin/ocaml-mcp-server.js": {"path":"/Users/john/repos/mcp-servers/ocaml-mcp/npx-wrapper/bin/ocaml-mcp-server.js","statementMap":{"0":{"start":{"line":19,"column":19},"end":{"line":19,"column":49}},"1":{"start":{"line":20,"column":18},"end":{"line":20,"column":42}},"2":{"start":{"line":21,"column":16},"end":{"line":21,"column":46}},"3":{"start":{"line":24,"column":20},"end":{"line":24,"column":46}},"4":{"start":{"line":39,"column":19},"end":{"line":47,"column":1}},"5":{"start":{"line":52,"column":22},"end":{"line":52,"column":24}},"6":{"start":{"line":59,"column":2},"end":{"line":59,"column":32}},"7":{"start":{"line":67,"column":18},"end":{"line":73,"column":4}},"8":{"start":{"line":68,"column":4},"end":{"line":72,"column":5}},"9":{"start":{"line":69,"column":6},"end":{"line":69,"column":22}},"10":{"start":{"line":71,"column":6},"end":{"line":71,"column":60}},"11":{"start":{"line":74,"column":2},"end":{"line":74,"column":29}},"12":{"start":{"line":82,"column":2},"end":{"line":82,"column":67}},"13":{"start":{"line":84,"column":2},"end":{"line":84,"column":29}},"14":{"start":{"line":87,"column":4},"end":{"line":87,"column":67}},"15":{"start":{"line":89,"column":2},"end":{"line":91,"column":4}},"16":{"start":{"line":99,"column":2},"end":{"line":99,"column":60}},"17":{"start":{"line":99,"column":29},"end":{"line":99,"column":58}},"18":{"start":{"line":102,"column":2},"end":{"line":102,"column":62}},"19":{"start":{"line":102,"column":30},"end":{"line":102,"column":60}},"20":{"start":{"line":105,"column":2},"end":{"line":108,"column":5}},"21":{"start":{"line":106,"column":4},"end":{"line":106,"column":48}},"22":{"start":{"line":107,"column":4},"end":{"line":107,"column":16}},"23":{"start":{"line":111,"column":2},"end":{"line":114,"column":5}},"24":{"start":{"line":112,"column":4},"end":{"line":112,"column":73}},"25":{"start":{"line":113,"column":4},"end":{"line":113,"column":71}},"26":{"start":{"line":121,"column":2},"end":{"line":121,"column":61}},"27":{"start":{"line":128,"column":2},"end":{"line":128,"column":61}},"28":{"start":{"line":129,"column":2},"end":{"line":129,"column":39}},"29":{"start":{"line":130,"column":2},"end":{"line":130,"column":18}},"30":{"start":{"line":131,"column":2},"end":{"line":131,"column":24}},"31":{"start":{"line":132,"column":2},"end":{"line":132,"column":68}},"32":{"start":{"line":133,"column":2},"end":{"line":133,"column":18}},"33":{"start":{"line":134,"column":2},"end":{"line":134,"column":26}},"34":{"start":{"line":135,"column":2},"end":{"line":135,"column":62}},"35":{"start":{"line":136,"column":2},"end":{"line":136,"column":64}},"36":{"start":{"line":137,"column":2},"end":{"line":139,"column":4}},"37":{"start":{"line":140,"column":2},"end":{"line":140,"column":62}},"38":{"start":{"line":141,"column":2},"end":{"line":143,"column":4}},"39":{"start":{"line":144,"column":2},"end":{"line":144,"column":18}},"40":{"start":{"line":145,"column":2},"end":{"line":145,"column":27}},"41":{"start":{"line":146,"column":2},"end":{"line":146,"column":41}},"42":{"start":{"line":147,"column":2},"end":{"line":147,"column":56}},"43":{"start":{"line":148,"column":2},"end":{"line":148,"column":66}},"44":{"start":{"line":149,"column":2},"end":{"line":149,"column":18}},"45":{"start":{"line":150,"column":2},"end":{"line":150,"column":46}},"46":{"start":{"line":151,"column":2},"end":{"line":151,"column":36}},"47":{"start":{"line":161,"column":20},"end":{"line":168,"column":3}},"48":{"start":{"line":171,"column":25},"end":{"line":171,"column":43}},"49":{"start":{"line":172,"column":2},"end":{"line":174,"column":3}},"50":{"start":{"line":173,"column":4},"end":{"line":173,"column":58}},"51":{"start":{"line":177,"column":2},"end":{"line":192,"column":3}},"52":{"start":{"line":178,"column":27},"end":{"line":178,"column":47}},"53":{"start":{"line":179,"column":24},"end":{"line":179,"column":54}},"54":{"start":{"line":182,"column":4},"end":{"line":188,"column":6}},"55":{"start":{"line":191,"column":4},"end":{"line":191,"column":16}},"56":{"start":{"line":200,"column":2},"end":{"line":202,"column":3}},"57":{"start":{"line":201,"column":4},"end":{"line":201,"column":59}},"58":{"start":{"line":204,"column":2},"end":{"line":303,"column":3}},"59":{"start":{"line":206,"column":4},"end":{"line":212,"column":5}},"60":{"start":{"line":207,"column":6},"end":{"line":207,"column":56}},"61":{"start":{"line":208,"column":30},"end":{"line":208,"column":51}},"62":{"start":{"line":209,"column":21},"end":{"line":209,"column":65}},"63":{"start":{"line":210,"column":6},"end":{"line":210,"column":51}},"64":{"start":{"line":211,"column":6},"end":{"line":211,"column":32}},"65":{"start":{"line":215,"column":4},"end":{"line":217,"column":5}},"66":{"start":{"line":216,"column":6},"end":{"line":216,"column":63}},"67":{"start":{"line":219,"column":28},"end":{"line":219,"column":49}},"68":{"start":{"line":220,"column":26},"end":{"line":220,"column":76}},"69":{"start":{"line":222,"column":4},"end":{"line":230,"column":5}},"70":{"start":{"line":223,"column":27},"end":{"line":223,"column":45}},"71":{"start":{"line":224,"column":29},"end":{"line":227,"column":7}},"72":{"start":{"line":228,"column":6},"end":{"line":228,"column":36}},"73":{"start":{"line":229,"column":6},"end":{"line":229,"column":42}},"74":{"start":{"line":233,"column":22},"end":{"line":233,"column":65}},"75":{"start":{"line":234,"column":4},"end":{"line":242,"column":5}},"76":{"start":{"line":235,"column":27},"end":{"line":235,"column":45}},"77":{"start":{"line":236,"column":29},"end":{"line":239,"column":7}},"78":{"start":{"line":240,"column":6},"end":{"line":240,"column":36}},"79":{"start":{"line":241,"column":6},"end":{"line":241,"column":35}},"80":{"start":{"line":245,"column":4},"end":{"line":247,"column":5}},"81":{"start":{"line":246,"column":6},"end":{"line":246,"column":54}},"82":{"start":{"line":249,"column":24},"end":{"line":249,"column":41}},"83":{"start":{"line":250,"column":24},"end":{"line":250,"column":61}},"84":{"start":{"line":252,"column":4},"end":{"line":278,"column":5}},"85":{"start":{"line":253,"column":6},"end":{"line":256,"column":7}},"86":{"start":{"line":254,"column":8},"end":{"line":254,"column":108}},"87":{"start":{"line":255,"column":8},"end":{"line":255,"column":40}},"88":{"start":{"line":258,"column":6},"end":{"line":260,"column":7}},"89":{"start":{"line":259,"column":8},"end":{"line":259,"column":70}},"90":{"start":{"line":262,"column":28},"end":{"line":262,"column":81}},"91":{"start":{"line":263,"column":6},"end":{"line":271,"column":7}},"92":{"start":{"line":264,"column":29},"end":{"line":264,"column":47}},"93":{"start":{"line":265,"column":31},"end":{"line":268,"column":9}},"94":{"start":{"line":269,"column":8},"end":{"line":269,"column":38}},"95":{"start":{"line":270,"column":8},"end":{"line":270,"column":37}},"96":{"start":{"line":273,"column":6},"end":{"line":275,"column":7}},"97":{"start":{"line":274,"column":8},"end":{"line":274,"column":61}},"98":{"start":{"line":276,"column":11},"end":{"line":278,"column":5}},"99":{"start":{"line":277,"column":6},"end":{"line":277,"column":58}},"100":{"start":{"line":281,"column":4},"end":{"line":284,"column":5}},"101":{"start":{"line":282,"column":6},"end":{"line":282,"column":54}},"102":{"start":{"line":283,"column":6},"end":{"line":283,"column":59}},"103":{"start":{"line":286,"column":4},"end":{"line":289,"column":5}},"104":{"start":{"line":287,"column":6},"end":{"line":287,"column":64}},"105":{"start":{"line":288,"column":6},"end":{"line":288,"column":32}},"106":{"start":{"line":291,"column":27},"end":{"line":291,"column":47}},"107":{"start":{"line":292,"column":21},"end":{"line":292,"column":72}},"108":{"start":{"line":294,"column":4},"end":{"line":294,"column":20}},"109":{"start":{"line":296,"column":4},"end":{"line":296,"column":62}},"110":{"start":{"line":298,"column":4},"end":{"line":300,"column":5}},"111":{"start":{"line":299,"column":6},"end":{"line":299,"column":52}},"112":{"start":{"line":302,"column":4},"end":{"line":302,"column":36}},"113":{"start":{"line":312,"column":2},"end":{"line":312,"column":24}},"114":{"start":{"line":314,"column":2},"end":{"line":335,"column":3}},"115":{"start":{"line":316,"column":17},"end":{"line":316,"column":46}},"116":{"start":{"line":319,"column":4},"end":{"line":322,"column":5}},"117":{"start":{"line":320,"column":6},"end":{"line":320,"column":17}},"118":{"start":{"line":321,"column":6},"end":{"line":321,"column":32}},"119":{"start":{"line":324,"column":4},"end":{"line":327,"column":5}},"120":{"start":{"line":325,"column":6},"end":{"line":325,"column":20}},"121":{"start":{"line":326,"column":6},"end":{"line":326,"column":32}},"122":{"start":{"line":330,"column":21},"end":{"line":330,"column":53}},"123":{"start":{"line":331,"column":4},"end":{"line":331,"column":20}},"124":{"start":{"line":333,"column":4},"end":{"line":333,"column":51}},"125":{"start":{"line":334,"column":4},"end":{"line":334,"column":36}},"126":{"start":{"line":339,"column":0},"end":{"line":349,"column":5}},"127":{"start":{"line":343,"column":4},"end":{"line":343,"column":27}},"128":{"start":{"line":346,"column":4},"end":{"line":346,"column":56}},"129":{"start":{"line":348,"column":4},"end":{"line":348,"column":43}}},"fnMap":{"0":{"name":"registerCleanupHandler","decl":{"start":{"line":58,"column":9},"end":{"line":58,"column":31}},"loc":{"start":{"line":58,"column":41},"end":{"line":60,"column":1}},"line":58},"1":{"name":"runCleanupHandlers","decl":{"start":{"line":65,"column":15},"end":{"line":65,"column":33}},"loc":{"start":{"line":65,"column":36},"end":{"line":75,"column":1}},"line":65},"2":{"name":"(anonymous_2)","decl":{"start":{"line":67,"column":38},"end":{"line":67,"column":39}},"loc":{"start":{"line":67,"column":55},"end":{"line":73,"column":3}},"line":67},"3":{"name":"handleProcessSignal","decl":{"start":{"line":81,"column":15},"end":{"line":81,"column":34}},"loc":{"start":{"line":81,"column":43},"end":{"line":92,"column":1}},"line":81},"4":{"name":"setupSignalHandlers","decl":{"start":{"line":97,"column":9},"end":{"line":97,"column":28}},"loc":{"start":{"line":97,"column":31},"end":{"line":115,"column":1}},"line":97},"5":{"name":"(anonymous_5)","decl":{"start":{"line":99,"column":23},"end":{"line":99,"column":24}},"loc":{"start":{"line":99,"column":29},"end":{"line":99,"column":58}},"line":99},"6":{"name":"(anonymous_6)","decl":{"start":{"line":102,"column":24},"end":{"line":102,"column":25}},"loc":{"start":{"line":102,"column":30},"end":{"line":102,"column":60}},"line":102},"7":{"name":"(anonymous_7)","decl":{"start":{"line":105,"column":34},"end":{"line":105,"column":35}},"loc":{"start":{"line":105,"column":43},"end":{"line":108,"column":3}},"line":105},"8":{"name":"(anonymous_8)","decl":{"start":{"line":111,"column":35},"end":{"line":111,"column":36}},"loc":{"start":{"line":111,"column":56},"end":{"line":114,"column":3}},"line":111},"9":{"name":"showVersion","decl":{"start":{"line":120,"column":9},"end":{"line":120,"column":20}},"loc":{"start":{"line":120,"column":23},"end":{"line":122,"column":1}},"line":120},"10":{"name":"showHelp","decl":{"start":{"line":127,"column":9},"end":{"line":127,"column":17}},"loc":{"start":{"line":127,"column":20},"end":{"line":152,"column":1}},"line":127},"11":{"name":"parseArguments","decl":{"start":{"line":159,"column":9},"end":{"line":159,"column":23}},"loc":{"start":{"line":159,"column":30},"end":{"line":193,"column":1}},"line":159},"12":{"name":"orchestrateExecution","decl":{"start":{"line":199,"column":15},"end":{"line":199,"column":35}},"loc":{"start":{"line":199,"column":42},"end":{"line":304,"column":1}},"line":199},"13":{"name":"main","decl":{"start":{"line":310,"column":15},"end":{"line":310,"column":19}},"loc":{"start":{"line":310,"column":41},"end":{"line":336,"column":1}},"line":310},"14":{"name":"(anonymous_14)","decl":{"start":{"line":340,"column":8},"end":{"line":340,"column":9}},"loc":{"start":{"line":340,"column":20},"end":{"line":344,"column":3}},"line":340},"15":{"name":"(anonymous_15)","decl":{"start":{"line":345,"column":9},"end":{"line":345,"column":10}},"loc":{"start":{"line":345,"column":18},"end":{"line":349,"column":3}},"line":345}},"branchMap":{"0":{"loc":{"start":{"line":87,"column":4},"end":{"line":87,"column":67}},"type":"cond-expr","locations":[{"start":{"line":87,"column":26},"end":{"line":87,"column":46}},{"start":{"line":87,"column":49},"end":{"line":87,"column":67}}],"line":87},"1":{"loc":{"start":{"line":113,"column":10},"end":{"line":113,"column":70}},"type":"cond-expr","locations":[{"start":{"line":113,"column":36},"end":{"line":113,"column":42}},{"start":{"line":113,"column":45},"end":{"line":113,"column":70}}],"line":113},"2":{"loc":{"start":{"line":162,"column":10},"end":{"line":162,"column":56}},"type":"binary-expr","locations":[{"start":{"line":162,"column":10},"end":{"line":162,"column":33}},{"start":{"line":162,"column":37},"end":{"line":162,"column":56}}],"line":162},"3":{"loc":{"start":{"line":163,"column":13},"end":{"line":163,"column":62}},"type":"binary-expr","locations":[{"start":{"line":163,"column":13},"end":{"line":163,"column":39}},{"start":{"line":163,"column":43},"end":{"line":163,"column":62}}],"line":163},"4":{"loc":{"start":{"line":172,"column":2},"end":{"line":174,"column":3}},"type":"if","locations":[{"start":{"line":172,"column":2},"end":{"line":174,"column":3}},{"start":{},"end":{}}],"line":172},"5":{"loc":{"start":{"line":185,"column":19},"end":{"line":185,"column":67}},"type":"binary-expr","locations":[{"start":{"line":185,"column":19},"end":{"line":185,"column":42}},{"start":{"line":185,"column":46},"end":{"line":185,"column":67}}],"line":185},"6":{"loc":{"start":{"line":187,"column":18},"end":{"line":187,"column":97}},"type":"cond-expr","locations":[{"start":{"line":187,"column":52},"end":{"line":187,"column":72}},{"start":{"line":187,"column":75},"end":{"line":187,"column":97}}],"line":187},"7":{"loc":{"start":{"line":200,"column":2},"end":{"line":202,"column":3}},"type":"if","locations":[{"start":{"line":200,"column":2},"end":{"line":202,"column":3}},{"start":{},"end":{}}],"line":200},"8":{"loc":{"start":{"line":206,"column":4},"end":{"line":212,"column":5}},"type":"if","locations":[{"start":{"line":206,"column":4},"end":{"line":212,"column":5}},{"start":{},"end":{}}],"line":206},"9":{"loc":{"start":{"line":215,"column":4},"end":{"line":217,"column":5}},"type":"if","locations":[{"start":{"line":215,"column":4},"end":{"line":217,"column":5}},{"start":{},"end":{}}],"line":215},"10":{"loc":{"start":{"line":222,"column":4},"end":{"line":230,"column":5}},"type":"if","locations":[{"start":{"line":222,"column":4},"end":{"line":230,"column":5}},{"start":{},"end":{}}],"line":222},"11":{"loc":{"start":{"line":234,"column":4},"end":{"line":242,"column":5}},"type":"if","locations":[{"start":{"line":234,"column":4},"end":{"line":242,"column":5}},{"start":{},"end":{}}],"line":234},"12":{"loc":{"start":{"line":245,"column":4},"end":{"line":247,"column":5}},"type":"if","locations":[{"start":{"line":245,"column":4},"end":{"line":247,"column":5}},{"start":{},"end":{}}],"line":245},"13":{"loc":{"start":{"line":252,"column":4},"end":{"line":278,"column":5}},"type":"if","locations":[{"start":{"line":252,"column":4},"end":{"line":278,"column":5}},{"start":{"line":276,"column":11},"end":{"line":278,"column":5}}],"line":252},"14":{"loc":{"start":{"line":253,"column":6},"end":{"line":256,"column":7}},"type":"if","locations":[{"start":{"line":253,"column":6},"end":{"line":256,"column":7}},{"start":{},"end":{}}],"line":253},"15":{"loc":{"start":{"line":258,"column":6},"end":{"line":260,"column":7}},"type":"if","locations":[{"start":{"line":258,"column":6},"end":{"line":260,"column":7}},{"start":{},"end":{}}],"line":258},"16":{"loc":{"start":{"line":263,"column":6},"end":{"line":271,"column":7}},"type":"if","locations":[{"start":{"line":263,"column":6},"end":{"line":271,"column":7}},{"start":{},"end":{}}],"line":263},"17":{"loc":{"start":{"line":273,"column":6},"end":{"line":275,"column":7}},"type":"if","locations":[{"start":{"line":273,"column":6},"end":{"line":275,"column":7}},{"start":{},"end":{}}],"line":273},"18":{"loc":{"start":{"line":276,"column":11},"end":{"line":278,"column":5}},"type":"if","locations":[{"start":{"line":276,"column":11},"end":{"line":278,"column":5}},{"start":{},"end":{}}],"line":276},"19":{"loc":{"start":{"line":281,"column":4},"end":{"line":284,"column":5}},"type":"if","locations":[{"start":{"line":281,"column":4},"end":{"line":284,"column":5}},{"start":{},"end":{}}],"line":281},"20":{"loc":{"start":{"line":286,"column":4},"end":{"line":289,"column":5}},"type":"if","locations":[{"start":{"line":286,"column":4},"end":{"line":289,"column":5}},{"start":{},"end":{}}],"line":286},"21":{"loc":{"start":{"line":298,"column":4},"end":{"line":300,"column":5}},"type":"if","locations":[{"start":{"line":298,"column":4},"end":{"line":300,"column":5}},{"start":{},"end":{}}],"line":298},"22":{"loc":{"start":{"line":310,"column":20},"end":{"line":310,"column":39}},"type":"default-arg","locations":[{"start":{"line":310,"column":27},"end":{"line":310,"column":39}}],"line":310},"23":{"loc":{"start":{"line":319,"column":4},"end":{"line":322,"column":5}},"type":"if","locations":[{"start":{"line":319,"column":4},"end":{"line":322,"column":5}},{"start":{},"end":{}}],"line":319},"24":{"loc":{"start":{"line":324,"column":4},"end":{"line":327,"column":5}},"type":"if","locations":[{"start":{"line":324,"column":4},"end":{"line":327,"column":5}},{"start":{},"end":{}}],"line":324}},"s":{"0":1,"1":1,"2":1,"3":1,"4":1,"5":1,"6":0,"7":0,"8":0,"9":0,"10":0,"11":0,"12":0,"13":0,"14":0,"15":0,"16":1,"17":0,"18":1,"19":0,"20":1,"21":0,"22":0,"23":1,"24":0,"25":0,"26":0,"27":0,"28":0,"29":0,"30":0,"31":0,"32":0,"33":0,"34":0,"35":0,"36":0,"37":0,"38":0,"39":0,"40":0,"41":0,"42":0,"43":0,"44":0,"45":0,"46":0,"47":1,"48":1,"49":1,"50":0,"51":1,"52":1,"53":1,"54":1,"55":0,"56":1,"57":0,"58":1,"59":1,"60":0,"61":0,"62":0,"63":0,"64":0,"65":1,"66":0,"67":1,"68":1,"69":0,"70":0,"71":0,"72":0,"73":0,"74":0,"75":0,"76":0,"77":0,"78":0,"79":0,"80":0,"81":0,"82":0,"83":0,"84":0,"85":0,"86":0,"87":0,"88":0,"89":0,"90":0,"91":0,"92":0,"93":0,"94":0,"95":0,"96":0,"97":0,"98":0,"99":0,"100":0,"101":0,"102":0,"103":0,"104":0,"105":0,"106":0,"107":0,"108":0,"109":0,"110":0,"111":0,"112":0,"113":1,"114":1,"115":1,"116":1,"117":0,"118":0,"119":1,"120":0,"121":0,"122":1,"123":0,"124":0,"125":0,"126":1,"127":0,"128":0,"129":0},"f":{"0":0,"1":0,"2":0,"3":0,"4":1,"5":0,"6":0,"7":0,"8":0,"9":0,"10":0,"11":1,"12":1,"13":1,"14":0,"15":0},"b":{"0":[0,0],"1":[0,0],"2":[1,1],"3":[1,1],"4":[0,1],"5":[1,1],"6":[0,1],"7":[0,1],"8":[0,1],"9":[0,1],"10":[0,0],"11":[0,0],"12":[0,0],"13":[0,0],"14":[0,0],"15":[0,0],"16":[0,0],"17":[0,0],"18":[0,0],"19":[0,0],"20":[0,0],"21":[0,0],"22":[1],"23":[0,1],"24":[0,1]},"inputSourceMap":null,"_coverageSchema":"1a1c01bbd47fc00a2c39e90264f33305004495a9","hash":"90978204abede051b66ea305c0ea0b53303acd60"}
,"/Users/john/repos/mcp-servers/ocaml-mcp/npx-wrapper/lib/argument-parser.js": {"path":"/Users/john/repos/mcp-servers/ocaml-mcp/npx-wrapper/lib/argument-parser.js","statementMap":{"0":{"start":{"line":23,"column":4},"end":{"line":25,"column":5}},"1":{"start":{"line":24,"column":6},"end":{"line":24,"column":52}},"2":{"start":{"line":27,"column":18},"end":{"line":27,"column":22}},"3":{"start":{"line":28,"column":22},"end":{"line":28,"column":27}},"4":{"start":{"line":29,"column":23},"end":{"line":29,"column":25}},"5":{"start":{"line":32,"column":4},"end":{"line":82,"column":5}},"6":{"start":{"line":32,"column":17},"end":{"line":32,"column":18}},"7":{"start":{"line":33,"column":18},"end":{"line":33,"column":25}},"8":{"start":{"line":36,"column":6},"end":{"line":38,"column":7}},"9":{"start":{"line":37,"column":8},"end":{"line":37,"column":17}},"10":{"start":{"line":41,"column":6},"end":{"line":45,"column":7}},"11":{"start":{"line":43,"column":8},"end":{"line":43,"column":46}},"12":{"start":{"line":44,"column":8},"end":{"line":44,"column":14}},"13":{"start":{"line":48,"column":6},"end":{"line":56,"column":7}},"14":{"start":{"line":49,"column":20},"end":{"line":49,"column":36}},"15":{"start":{"line":50,"column":8},"end":{"line":52,"column":9}},"16":{"start":{"line":51,"column":10},"end":{"line":51,"column":62}},"17":{"start":{"line":53,"column":8},"end":{"line":53,"column":41}},"18":{"start":{"line":54,"column":8},"end":{"line":54,"column":22}},"19":{"start":{"line":55,"column":8},"end":{"line":55,"column":17}},"20":{"start":{"line":59,"column":6},"end":{"line":72,"column":7}},"21":{"start":{"line":61,"column":8},"end":{"line":63,"column":9}},"22":{"start":{"line":62,"column":10},"end":{"line":62,"column":62}},"23":{"start":{"line":64,"column":20},"end":{"line":64,"column":31}},"24":{"start":{"line":65,"column":8},"end":{"line":67,"column":9}},"25":{"start":{"line":66,"column":10},"end":{"line":66,"column":62}},"26":{"start":{"line":68,"column":8},"end":{"line":68,"column":41}},"27":{"start":{"line":69,"column":8},"end":{"line":69,"column":22}},"28":{"start":{"line":70,"column":8},"end":{"line":70,"column":12}},"29":{"start":{"line":71,"column":8},"end":{"line":71,"column":17}},"30":{"start":{"line":75,"column":6},"end":{"line":78,"column":7}},"31":{"start":{"line":76,"column":8},"end":{"line":76,"column":27}},"32":{"start":{"line":77,"column":8},"end":{"line":77,"column":17}},"33":{"start":{"line":81,"column":6},"end":{"line":81,"column":27}},"34":{"start":{"line":84,"column":4},"end":{"line":88,"column":6}},"35":{"start":{"line":97,"column":4},"end":{"line":99,"column":5}},"36":{"start":{"line":98,"column":6},"end":{"line":98,"column":55}},"37":{"start":{"line":108,"column":27},"end":{"line":115,"column":5}},"38":{"start":{"line":117,"column":26},"end":{"line":117,"column":75}},"39":{"start":{"line":117,"column":57},"end":{"line":117,"column":74}},"40":{"start":{"line":119,"column":4},"end":{"line":121,"column":5}},"41":{"start":{"line":120,"column":6},"end":{"line":120,"column":55}}},"fnMap":{"0":{"name":"(anonymous_0)","decl":{"start":{"line":21,"column":2},"end":{"line":21,"column":3}},"loc":{"start":{"line":21,"column":18},"end":{"line":89,"column":3}},"line":21},"1":{"name":"(anonymous_1)","decl":{"start":{"line":96,"column":2},"end":{"line":96,"column":3}},"loc":{"start":{"line":96,"column":30},"end":{"line":122,"column":3}},"line":96},"2":{"name":"(anonymous_2)","decl":{"start":{"line":117,"column":46},"end":{"line":117,"column":47}},"loc":{"start":{"line":117,"column":57},"end":{"line":117,"column":74}},"line":117}},"branchMap":{"0":{"loc":{"start":{"line":23,"column":4},"end":{"line":25,"column":5}},"type":"if","locations":[{"start":{"line":23,"column":4},"end":{"line":25,"column":5}},{"start":{},"end":{}}],"line":23},"1":{"loc":{"start":{"line":36,"column":6},"end":{"line":38,"column":7}},"type":"if","locations":[{"start":{"line":36,"column":6},"end":{"line":38,"column":7}},{"start":{},"end":{}}],"line":36},"2":{"loc":{"start":{"line":36,"column":10},"end":{"line":36,"column":62}},"type":"binary-expr","locations":[{"start":{"line":36,"column":10},"end":{"line":36,"column":14}},{"start":{"line":36,"column":18},"end":{"line":36,"column":41}},{"start":{"line":36,"column":45},"end":{"line":36,"column":62}}],"line":36},"3":{"loc":{"start":{"line":41,"column":6},"end":{"line":45,"column":7}},"type":"if","locations":[{"start":{"line":41,"column":6},"end":{"line":45,"column":7}},{"start":{},"end":{}}],"line":41},"4":{"loc":{"start":{"line":48,"column":6},"end":{"line":56,"column":7}},"type":"if","locations":[{"start":{"line":48,"column":6},"end":{"line":56,"column":7}},{"start":{},"end":{}}],"line":48},"5":{"loc":{"start":{"line":50,"column":8},"end":{"line":52,"column":9}},"type":"if","locations":[{"start":{"line":50,"column":8},"end":{"line":52,"column":9}},{"start":{},"end":{}}],"line":50},"6":{"loc":{"start":{"line":59,"column":6},"end":{"line":72,"column":7}},"type":"if","locations":[{"start":{"line":59,"column":6},"end":{"line":72,"column":7}},{"start":{},"end":{}}],"line":59},"7":{"loc":{"start":{"line":61,"column":8},"end":{"line":63,"column":9}},"type":"if","locations":[{"start":{"line":61,"column":8},"end":{"line":63,"column":9}},{"start":{},"end":{}}],"line":61},"8":{"loc":{"start":{"line":65,"column":8},"end":{"line":67,"column":9}},"type":"if","locations":[{"start":{"line":65,"column":8},"end":{"line":67,"column":9}},{"start":{},"end":{}}],"line":65},"9":{"loc":{"start":{"line":65,"column":12},"end":{"line":65,"column":39}},"type":"binary-expr","locations":[{"start":{"line":65,"column":12},"end":{"line":65,"column":16}},{"start":{"line":65,"column":20},"end":{"line":65,"column":39}}],"line":65},"10":{"loc":{"start":{"line":75,"column":6},"end":{"line":78,"column":7}},"type":"if","locations":[{"start":{"line":75,"column":6},"end":{"line":78,"column":7}},{"start":{},"end":{}}],"line":75},"11":{"loc":{"start":{"line":97,"column":4},"end":{"line":99,"column":5}},"type":"if","locations":[{"start":{"line":97,"column":4},"end":{"line":99,"column":5}},{"start":{},"end":{}}],"line":97},"12":{"loc":{"start":{"line":97,"column":8},"end":{"line":97,"column":39}},"type":"binary-expr","locations":[{"start":{"line":97,"column":8},"end":{"line":97,"column":12}},{"start":{"line":97,"column":16},"end":{"line":97,"column":39}}],"line":97},"13":{"loc":{"start":{"line":119,"column":4},"end":{"line":121,"column":5}},"type":"if","locations":[{"start":{"line":119,"column":4},"end":{"line":121,"column":5}},{"start":{},"end":{}}],"line":119}},"s":{"0":1,"1":0,"2":1,"3":1,"4":1,"5":1,"6":1,"7":0,"8":0,"9":0,"10":0,"11":0,"12":0,"13":0,"14":0,"15":0,"16":0,"17":0,"18":0,"19":0,"20":0,"21":0,"22":0,"23":0,"24":0,"25":0,"26":0,"27":0,"28":0,"29":0,"30":0,"31":0,"32":0,"33":0,"34":1,"35":0,"36":0,"37":0,"38":0,"39":0,"40":0,"41":0},"f":{"0":1,"1":0,"2":0},"b":{"0":[0,1],"1":[0,0],"2":[0,0,0],"3":[0,0],"4":[0,0],"5":[0,0],"6":[0,0],"7":[0,0],"8":[0,0],"9":[0,0],"10":[0,0],"11":[0,0],"12":[0,0],"13":[0,0]},"inputSourceMap":null,"_coverageSchema":"1a1c01bbd47fc00a2c39e90264f33305004495a9","hash":"97257923c3b628e5685efff82adb371b50eeac10"}
,"/Users/john/repos/mcp-servers/ocaml-mcp/npx-wrapper/lib/binary-executor.js": {"path":"/Users/john/repos/mcp-servers/ocaml-mcp/npx-wrapper/lib/binary-executor.js","statementMap":{"0":{"start":{"line":12,"column":4},"end":{"line":12,"column":31}},"1":{"start":{"line":16,"column":4},"end":{"line":85,"column":7}},"2":{"start":{"line":18,"column":22},"end":{"line":18,"column":28}},"3":{"start":{"line":19,"column":19},"end":{"line":19,"column":68}},"4":{"start":{"line":20,"column":22},"end":{"line":20,"column":42}},"5":{"start":{"line":23,"column":20},"end":{"line":23,"column":54}},"6":{"start":{"line":26,"column":28},"end":{"line":30,"column":7}},"7":{"start":{"line":27,"column":8},"end":{"line":29,"column":9}},"8":{"start":{"line":28,"column":10},"end":{"line":28,"column":29}},"9":{"start":{"line":33,"column":6},"end":{"line":33,"column":56}},"10":{"start":{"line":33,"column":31},"end":{"line":33,"column":54}},"11":{"start":{"line":34,"column":6},"end":{"line":34,"column":58}},"12":{"start":{"line":34,"column":32},"end":{"line":34,"column":56}},"13":{"start":{"line":37,"column":6},"end":{"line":62,"column":9}},"14":{"start":{"line":39,"column":8},"end":{"line":39,"column":43}},"15":{"start":{"line":40,"column":8},"end":{"line":40,"column":44}},"16":{"start":{"line":44,"column":8},"end":{"line":59,"column":9}},"17":{"start":{"line":46,"column":10},"end":{"line":55,"column":11}},"18":{"start":{"line":47,"column":12},"end":{"line":47,"column":27}},"19":{"start":{"line":48,"column":17},"end":{"line":55,"column":11}},"20":{"start":{"line":49,"column":12},"end":{"line":49,"column":27}},"21":{"start":{"line":50,"column":17},"end":{"line":55,"column":11}},"22":{"start":{"line":51,"column":12},"end":{"line":51,"column":27}},"23":{"start":{"line":54,"column":12},"end":{"line":54,"column":65}},"24":{"start":{"line":58,"column":10},"end":{"line":58,"column":26}},"25":{"start":{"line":61,"column":8},"end":{"line":61,"column":26}},"26":{"start":{"line":65,"column":6},"end":{"line":84,"column":9}},"27":{"start":{"line":67,"column":8},"end":{"line":67,"column":43}},"28":{"start":{"line":68,"column":8},"end":{"line":68,"column":44}},"29":{"start":{"line":72,"column":8},"end":{"line":81,"column":9}},"30":{"start":{"line":74,"column":10},"end":{"line":74,"column":25}},"31":{"start":{"line":75,"column":15},"end":{"line":81,"column":9}},"32":{"start":{"line":77,"column":10},"end":{"line":77,"column":25}},"33":{"start":{"line":80,"column":10},"end":{"line":80,"column":23}},"34":{"start":{"line":83,"column":8},"end":{"line":83,"column":26}},"35":{"start":{"line":90,"column":26},"end":{"line":96,"column":5}},"36":{"start":{"line":97,"column":4},"end":{"line":97,"column":38}}},"fnMap":{"0":{"name":"(anonymous_0)","decl":{"start":{"line":11,"column":2},"end":{"line":11,"column":3}},"loc":{"start":{"line":11,"column":37},"end":{"line":13,"column":3}},"line":11},"1":{"name":"(anonymous_1)","decl":{"start":{"line":15,"column":2},"end":{"line":15,"column":3}},"loc":{"start":{"line":15,"column":34},"end":{"line":86,"column":3}},"line":15},"2":{"name":"(anonymous_2)","decl":{"start":{"line":16,"column":23},"end":{"line":16,"column":24}},"loc":{"start":{"line":16,"column":36},"end":{"line":85,"column":5}},"line":16},"3":{"name":"(anonymous_3)","decl":{"start":{"line":26,"column":28},"end":{"line":26,"column":29}},"loc":{"start":{"line":26,"column":40},"end":{"line":30,"column":7}},"line":26},"4":{"name":"(anonymous_4)","decl":{"start":{"line":33,"column":25},"end":{"line":33,"column":26}},"loc":{"start":{"line":33,"column":31},"end":{"line":33,"column":54}},"line":33},"5":{"name":"(anonymous_5)","decl":{"start":{"line":34,"column":26},"end":{"line":34,"column":27}},"loc":{"start":{"line":34,"column":32},"end":{"line":34,"column":56}},"line":34},"6":{"name":"(anonymous_6)","decl":{"start":{"line":37,"column":23},"end":{"line":37,"column":24}},"loc":{"start":{"line":37,"column":41},"end":{"line":62,"column":7}},"line":37},"7":{"name":"(anonymous_7)","decl":{"start":{"line":65,"column":24},"end":{"line":65,"column":25}},"loc":{"start":{"line":65,"column":35},"end":{"line":84,"column":7}},"line":65},"8":{"name":"(anonymous_8)","decl":{"start":{"line":89,"column":2},"end":{"line":89,"column":3}},"loc":{"start":{"line":89,"column":26},"end":{"line":98,"column":3}},"line":89}},"branchMap":{"0":{"loc":{"start":{"line":11,"column":14},"end":{"line":11,"column":35}},"type":"default-arg","locations":[{"start":{"line":11,"column":30},"end":{"line":11,"column":35}}],"line":11},"1":{"loc":{"start":{"line":27,"column":8},"end":{"line":29,"column":9}},"type":"if","locations":[{"start":{"line":27,"column":8},"end":{"line":29,"column":9}},{"start":{},"end":{}}],"line":27},"2":{"loc":{"start":{"line":44,"column":8},"end":{"line":59,"column":9}},"type":"if","locations":[{"start":{"line":44,"column":8},"end":{"line":59,"column":9}},{"start":{"line":56,"column":15},"end":{"line":59,"column":9}}],"line":44},"3":{"loc":{"start":{"line":46,"column":10},"end":{"line":55,"column":11}},"type":"if","locations":[{"start":{"line":46,"column":10},"end":{"line":55,"column":11}},{"start":{"line":48,"column":17},"end":{"line":55,"column":11}}],"line":46},"4":{"loc":{"start":{"line":48,"column":17},"end":{"line":55,"column":11}},"type":"if","locations":[{"start":{"line":48,"column":17},"end":{"line":55,"column":11}},{"start":{"line":50,"column":17},"end":{"line":55,"column":11}}],"line":48},"5":{"loc":{"start":{"line":50,"column":17},"end":{"line":55,"column":11}},"type":"if","locations":[{"start":{"line":50,"column":17},"end":{"line":55,"column":11}},{"start":{"line":52,"column":17},"end":{"line":55,"column":11}}],"line":50},"6":{"loc":{"start":{"line":54,"column":30},"end":{"line":54,"column":63}},"type":"binary-expr","locations":[{"start":{"line":54,"column":30},"end":{"line":54,"column":58}},{"start":{"line":54,"column":62},"end":{"line":54,"column":63}}],"line":54},"7":{"loc":{"start":{"line":72,"column":8},"end":{"line":81,"column":9}},"type":"if","locations":[{"start":{"line":72,"column":8},"end":{"line":81,"column":9}},{"start":{"line":75,"column":15},"end":{"line":81,"column":9}}],"line":72},"8":{"loc":{"start":{"line":75,"column":15},"end":{"line":81,"column":9}},"type":"if","locations":[{"start":{"line":75,"column":15},"end":{"line":81,"column":9}},{"start":{"line":78,"column":15},"end":{"line":81,"column":9}}],"line":75},"9":{"loc":{"start":{"line":97,"column":11},"end":{"line":97,"column":37}},"type":"binary-expr","locations":[{"start":{"line":97,"column":11},"end":{"line":97,"column":32}},{"start":{"line":97,"column":36},"end":{"line":97,"column":37}}],"line":97}},"s":{"0":0,"1":0,"2":0,"3":0,"4":0,"5":0,"6":0,"7":0,"8":0,"9":0,"10":0,"11":0,"12":0,"13":0,"14":0,"15":0,"16":0,"17":0,"18":0,"19":0,"20":0,"21":0,"22":0,"23":0,"24":0,"25":0,"26":0,"27":0,"28":0,"29":0,"30":0,"31":0,"32":0,"33":0,"34":0,"35":0,"36":0},"f":{"0":0,"1":0,"2":0,"3":0,"4":0,"5":0,"6":0,"7":0,"8":0},"b":{"0":[0],"1":[0,0],"2":[0,0],"3":[0,0],"4":[0,0],"5":[0,0],"6":[0,0],"7":[0,0],"8":[0,0],"9":[0,0]},"inputSourceMap":null,"_coverageSchema":"1a1c01bbd47fc00a2c39e90264f33305004495a9","hash":"1161d3c58823ff5c2e9a72c5a1c96837dbc2c740"}
,"/Users/john/repos/mcp-servers/ocaml-mcp/npx-wrapper/lib/config-generator.js": {"path":"/Users/john/repos/mcp-servers/ocaml-mcp/npx-wrapper/lib/config-generator.js","statementMap":{"0":{"start":{"line":16,"column":15},"end":{"line":16,"column":17}},"1":{"start":{"line":19,"column":4},"end":{"line":21,"column":5}},"2":{"start":{"line":20,"column":6},"end":{"line":20,"column":33}},"3":{"start":{"line":24,"column":4},"end":{"line":32,"column":6}}},"fnMap":{"0":{"name":"(anonymous_0)","decl":{"start":{"line":14,"column":2},"end":{"line":14,"column":3}},"loc":{"start":{"line":14,"column":26},"end":{"line":33,"column":3}},"line":14}},"branchMap":{"0":{"loc":{"start":{"line":19,"column":4},"end":{"line":21,"column":5}},"type":"if","locations":[{"start":{"line":19,"column":4},"end":{"line":21,"column":5}},{"start":{},"end":{}}],"line":19},"1":{"loc":{"start":{"line":19,"column":8},"end":{"line":19,"column":79}},"type":"binary-expr","locations":[{"start":{"line":19,"column":8},"end":{"line":19,"column":23}},{"start":{"line":19,"column":27},"end":{"line":19,"column":54}},{"start":{"line":19,"column":58},"end":{"line":19,"column":79}}],"line":19}},"s":{"0":0,"1":0,"2":0,"3":0},"f":{"0":0},"b":{"0":[0,0],"1":[0,0,0]},"inputSourceMap":null,"_coverageSchema":"1a1c01bbd47fc00a2c39e90264f33305004495a9","hash":"33eaac40b34f33b75aa7f915d2719223616503dc"}
,"/Users/john/repos/mcp-servers/ocaml-mcp/npx-wrapper/lib/error-handler.js": {"path":"/Users/john/repos/mcp-servers/ocaml-mcp/npx-wrapper/lib/error-handler.js","statementMap":{"0":{"start":{"line":15,"column":4},"end":{"line":47,"column":6}},"1":{"start":{"line":58,"column":4},"end":{"line":65,"column":5}},"2":{"start":{"line":59,"column":6},"end":{"line":64,"column":8}},"3":{"start":{"line":68,"column":22},"end":{"line":68,"column":51}},"4":{"start":{"line":69,"column":45},"end":{"line":69,"column":54}},"5":{"start":{"line":72,"column":21},"end":{"line":72,"column":77}},"6":{"start":{"line":74,"column":4},"end":{"line":74,"column":64}},"7":{"start":{"line":81,"column":4},"end":{"line":88,"column":5}},"8":{"start":{"line":82,"column":6},"end":{"line":87,"column":8}},"9":{"start":{"line":90,"column":4},"end":{"line":100,"column":5}},"10":{"start":{"line":91,"column":6},"end":{"line":99,"column":8}},"11":{"start":{"line":102,"column":4},"end":{"line":107,"column":6}},"12":{"start":{"line":115,"column":4},"end":{"line":117,"column":5}},"13":{"start":{"line":116,"column":6},"end":{"line":116,"column":32}},"14":{"start":{"line":118,"column":4},"end":{"line":120,"column":5}},"15":{"start":{"line":119,"column":6},"end":{"line":119,"column":32}},"16":{"start":{"line":121,"column":4},"end":{"line":123,"column":5}},"17":{"start":{"line":122,"column":6},"end":{"line":122,"column":36}},"18":{"start":{"line":124,"column":4},"end":{"line":126,"column":5}},"19":{"start":{"line":125,"column":6},"end":{"line":125,"column":34}},"20":{"start":{"line":127,"column":4},"end":{"line":129,"column":5}},"21":{"start":{"line":128,"column":6},"end":{"line":128,"column":37}},"22":{"start":{"line":130,"column":4},"end":{"line":132,"column":5}},"23":{"start":{"line":131,"column":6},"end":{"line":131,"column":35}},"24":{"start":{"line":135,"column":4},"end":{"line":137,"column":5}},"25":{"start":{"line":136,"column":6},"end":{"line":136,"column":32}},"26":{"start":{"line":138,"column":4},"end":{"line":140,"column":5}},"27":{"start":{"line":139,"column":6},"end":{"line":139,"column":34}},"28":{"start":{"line":141,"column":4},"end":{"line":143,"column":5}},"29":{"start":{"line":142,"column":6},"end":{"line":142,"column":32}},"30":{"start":{"line":144,"column":4},"end":{"line":146,"column":5}},"31":{"start":{"line":145,"column":6},"end":{"line":145,"column":39}},"32":{"start":{"line":149,"column":4},"end":{"line":151,"column":5}},"33":{"start":{"line":150,"column":6},"end":{"line":150,"column":34}},"34":{"start":{"line":152,"column":4},"end":{"line":154,"column":5}},"35":{"start":{"line":153,"column":6},"end":{"line":153,"column":29}},"36":{"start":{"line":155,"column":4},"end":{"line":157,"column":5}},"37":{"start":{"line":156,"column":6},"end":{"line":156,"column":33}},"38":{"start":{"line":158,"column":4},"end":{"line":160,"column":5}},"39":{"start":{"line":159,"column":6},"end":{"line":159,"column":30}},"40":{"start":{"line":161,"column":4},"end":{"line":163,"column":5}},"41":{"start":{"line":162,"column":6},"end":{"line":162,"column":31}},"42":{"start":{"line":164,"column":4},"end":{"line":166,"column":5}},"43":{"start":{"line":165,"column":6},"end":{"line":165,"column":34}},"44":{"start":{"line":167,"column":4},"end":{"line":169,"column":5}},"45":{"start":{"line":168,"column":6},"end":{"line":168,"column":32}},"46":{"start":{"line":170,"column":4},"end":{"line":172,"column":5}},"47":{"start":{"line":171,"column":6},"end":{"line":171,"column":34}},"48":{"start":{"line":173,"column":4},"end":{"line":175,"column":5}},"49":{"start":{"line":174,"column":6},"end":{"line":174,"column":35}},"50":{"start":{"line":176,"column":4},"end":{"line":178,"column":5}},"51":{"start":{"line":177,"column":6},"end":{"line":177,"column":30}},"52":{"start":{"line":179,"column":4},"end":{"line":181,"column":5}},"53":{"start":{"line":180,"column":6},"end":{"line":180,"column":40}},"54":{"start":{"line":182,"column":4},"end":{"line":184,"column":5}},"55":{"start":{"line":183,"column":6},"end":{"line":183,"column":32}},"56":{"start":{"line":185,"column":4},"end":{"line":187,"column":5}},"57":{"start":{"line":186,"column":6},"end":{"line":186,"column":32}},"58":{"start":{"line":188,"column":4},"end":{"line":190,"column":5}},"59":{"start":{"line":189,"column":6},"end":{"line":189,"column":40}},"60":{"start":{"line":193,"column":4},"end":{"line":207,"column":5}},"61":{"start":{"line":194,"column":27},"end":{"line":194,"column":48}},"62":{"start":{"line":195,"column":6},"end":{"line":197,"column":7}},"63":{"start":{"line":196,"column":8},"end":{"line":196,"column":36}},"64":{"start":{"line":198,"column":6},"end":{"line":200,"column":7}},"65":{"start":{"line":199,"column":8},"end":{"line":199,"column":34}},"66":{"start":{"line":201,"column":6},"end":{"line":203,"column":7}},"67":{"start":{"line":202,"column":8},"end":{"line":202,"column":34}},"68":{"start":{"line":204,"column":6},"end":{"line":206,"column":7}},"69":{"start":{"line":205,"column":8},"end":{"line":205,"column":36}},"70":{"start":{"line":209,"column":4},"end":{"line":209,"column":21}},"71":{"start":{"line":216,"column":50},"end":{"line":216,"column":59}},"72":{"start":{"line":218,"column":4},"end":{"line":402,"column":5}},"73":{"start":{"line":220,"column":8},"end":{"line":225,"column":10}},"74":{"start":{"line":228,"column":8},"end":{"line":233,"column":10}},"75":{"start":{"line":236,"column":8},"end":{"line":241,"column":10}},"76":{"start":{"line":244,"column":8},"end":{"line":249,"column":10}},"77":{"start":{"line":252,"column":8},"end":{"line":257,"column":10}},"78":{"start":{"line":260,"column":8},"end":{"line":265,"column":10}},"79":{"start":{"line":268,"column":8},"end":{"line":273,"column":10}},"80":{"start":{"line":276,"column":8},"end":{"line":281,"column":10}},"81":{"start":{"line":284,"column":8},"end":{"line":289,"column":10}},"82":{"start":{"line":292,"column":8},"end":{"line":297,"column":10}},"83":{"start":{"line":300,"column":8},"end":{"line":305,"column":10}},"84":{"start":{"line":308,"column":8},"end":{"line":313,"column":10}},"85":{"start":{"line":316,"column":8},"end":{"line":321,"column":10}},"86":{"start":{"line":324,"column":8},"end":{"line":329,"column":10}},"87":{"start":{"line":332,"column":8},"end":{"line":337,"column":10}},"88":{"start":{"line":340,"column":8},"end":{"line":345,"column":10}},"89":{"start":{"line":348,"column":8},"end":{"line":353,"column":10}},"90":{"start":{"line":356,"column":8},"end":{"line":361,"column":10}},"91":{"start":{"line":364,"column":8},"end":{"line":369,"column":10}},"92":{"start":{"line":372,"column":8},"end":{"line":377,"column":10}},"93":{"start":{"line":380,"column":8},"end":{"line":385,"column":10}},"94":{"start":{"line":388,"column":8},"end":{"line":393,"column":10}},"95":{"start":{"line":396,"column":8},"end":{"line":401,"column":10}},"96":{"start":{"line":409,"column":20},"end":{"line":409,"column":22}},"97":{"start":{"line":412,"column":4},"end":{"line":421,"column":5}},"98":{"start":{"line":414,"column":6},"end":{"line":418,"column":7}},"99":{"start":{"line":415,"column":8},"end":{"line":415,"column":64}},"100":{"start":{"line":417,"column":8},"end":{"line":417,"column":64}},"101":{"start":{"line":420,"column":6},"end":{"line":420,"column":44}},"102":{"start":{"line":424,"column":4},"end":{"line":424,"column":89}},"103":{"start":{"line":427,"column":4},"end":{"line":429,"column":5}},"104":{"start":{"line":428,"column":6},"end":{"line":428,"column":60}},"105":{"start":{"line":431,"column":4},"end":{"line":431,"column":28}},"106":{"start":{"line":438,"column":4},"end":{"line":443,"column":62}},"107":{"start":{"line":451,"column":4},"end":{"line":453,"column":5}},"108":{"start":{"line":452,"column":6},"end":{"line":452,"column":69}},"109":{"start":{"line":454,"column":4},"end":{"line":456,"column":5}},"110":{"start":{"line":455,"column":6},"end":{"line":455,"column":74}},"111":{"start":{"line":457,"column":4},"end":{"line":459,"column":5}},"112":{"start":{"line":458,"column":6},"end":{"line":458,"column":72}},"113":{"start":{"line":461,"column":4},"end":{"line":461,"column":73}},"114":{"start":{"line":461,"column":18},"end":{"line":461,"column":73}},"115":{"start":{"line":463,"column":25},"end":{"line":463,"column":46}},"116":{"start":{"line":464,"column":4},"end":{"line":466,"column":5}},"117":{"start":{"line":465,"column":6},"end":{"line":465,"column":77}},"118":{"start":{"line":467,"column":4},"end":{"line":469,"column":5}},"119":{"start":{"line":468,"column":6},"end":{"line":468,"column":76}},"120":{"start":{"line":470,"column":4},"end":{"line":472,"column":5}},"121":{"start":{"line":471,"column":6},"end":{"line":471,"column":86}},"122":{"start":{"line":473,"column":4},"end":{"line":473,"column":59}},"123":{"start":{"line":480,"column":17},"end":{"line":480,"column":93}},"124":{"start":{"line":482,"column":4},"end":{"line":484,"column":5}},"125":{"start":{"line":483,"column":6},"end":{"line":483,"column":109}},"126":{"start":{"line":486,"column":25},"end":{"line":486,"column":46}},"127":{"start":{"line":487,"column":4},"end":{"line":489,"column":5}},"128":{"start":{"line":488,"column":6},"end":{"line":488,"column":69}},"129":{"start":{"line":490,"column":4},"end":{"line":492,"column":5}},"130":{"start":{"line":491,"column":6},"end":{"line":491,"column":148}},"131":{"start":{"line":493,"column":4},"end":{"line":495,"column":5}},"132":{"start":{"line":494,"column":6},"end":{"line":494,"column":117}},"133":{"start":{"line":496,"column":4},"end":{"line":496,"column":101}},"134":{"start":{"line":504,"column":4},"end":{"line":506,"column":5}},"135":{"start":{"line":505,"column":6},"end":{"line":505,"column":61}},"136":{"start":{"line":507,"column":4},"end":{"line":509,"column":5}},"137":{"start":{"line":508,"column":6},"end":{"line":508,"column":66}},"138":{"start":{"line":512,"column":4},"end":{"line":526,"column":5}},"139":{"start":{"line":513,"column":27},"end":{"line":513,"column":48}},"140":{"start":{"line":514,"column":6},"end":{"line":516,"column":7}},"141":{"start":{"line":515,"column":8},"end":{"line":515,"column":62}},"142":{"start":{"line":517,"column":6},"end":{"line":519,"column":7}},"143":{"start":{"line":518,"column":8},"end":{"line":518,"column":77}},"144":{"start":{"line":520,"column":6},"end":{"line":522,"column":7}},"145":{"start":{"line":521,"column":8},"end":{"line":521,"column":62}},"146":{"start":{"line":523,"column":6},"end":{"line":525,"column":7}},"147":{"start":{"line":524,"column":8},"end":{"line":524,"column":81}},"148":{"start":{"line":528,"column":4},"end":{"line":528,"column":53}},"149":{"start":{"line":535,"column":4},"end":{"line":537,"column":5}},"150":{"start":{"line":536,"column":6},"end":{"line":536,"column":124}},"151":{"start":{"line":539,"column":25},"end":{"line":539,"column":54}},"152":{"start":{"line":540,"column":25},"end":{"line":540,"column":54}},"153":{"start":{"line":543,"column":4},"end":{"line":551,"column":5}},"154":{"start":{"line":544,"column":6},"end":{"line":546,"column":7}},"155":{"start":{"line":545,"column":8},"end":{"line":545,"column":164}},"156":{"start":{"line":547,"column":6},"end":{"line":549,"column":7}},"157":{"start":{"line":548,"column":8},"end":{"line":548,"column":166}},"158":{"start":{"line":550,"column":6},"end":{"line":550,"column":187}},"159":{"start":{"line":552,"column":4},"end":{"line":560,"column":5}},"160":{"start":{"line":553,"column":6},"end":{"line":555,"column":7}},"161":{"start":{"line":554,"column":8},"end":{"line":554,"column":178}},"162":{"start":{"line":556,"column":6},"end":{"line":558,"column":7}},"163":{"start":{"line":557,"column":8},"end":{"line":557,"column":181}},"164":{"start":{"line":559,"column":6},"end":{"line":559,"column":179}},"165":{"start":{"line":561,"column":4},"end":{"line":563,"column":5}},"166":{"start":{"line":562,"column":6},"end":{"line":562,"column":140}},"167":{"start":{"line":564,"column":4},"end":{"line":566,"column":5}},"168":{"start":{"line":565,"column":6},"end":{"line":565,"column":214}},"169":{"start":{"line":567,"column":4},"end":{"line":569,"column":5}},"170":{"start":{"line":568,"column":6},"end":{"line":568,"column":149}},"171":{"start":{"line":572,"column":4},"end":{"line":577,"column":5}},"172":{"start":{"line":573,"column":6},"end":{"line":575,"column":7}},"173":{"start":{"line":574,"column":8},"end":{"line":574,"column":130}},"174":{"start":{"line":576,"column":6},"end":{"line":576,"column":123}},"175":{"start":{"line":578,"column":4},"end":{"line":580,"column":5}},"176":{"start":{"line":579,"column":6},"end":{"line":579,"column":102}},"177":{"start":{"line":581,"column":4},"end":{"line":583,"column":5}},"178":{"start":{"line":582,"column":6},"end":{"line":582,"column":136}},"179":{"start":{"line":585,"column":4},"end":{"line":585,"column":152}},"180":{"start":{"line":592,"column":4},"end":{"line":592,"column":36}},"181":{"start":{"line":592,"column":24},"end":{"line":592,"column":36}},"182":{"start":{"line":595,"column":20},"end":{"line":595,"column":62}},"183":{"start":{"line":596,"column":4},"end":{"line":596,"column":21}},"184":{"start":{"line":603,"column":4},"end":{"line":603,"column":36}},"185":{"start":{"line":603,"column":24},"end":{"line":603,"column":36}},"186":{"start":{"line":605,"column":20},"end":{"line":605,"column":33}},"187":{"start":{"line":606,"column":4},"end":{"line":608,"column":5}},"188":{"start":{"line":607,"column":6},"end":{"line":607,"column":32}},"189":{"start":{"line":609,"column":4},"end":{"line":609,"column":21}},"190":{"start":{"line":616,"column":4},"end":{"line":616,"column":32}},"191":{"start":{"line":616,"column":20},"end":{"line":616,"column":32}},"192":{"start":{"line":618,"column":15},"end":{"line":618,"column":38}},"193":{"start":{"line":619,"column":4},"end":{"line":621,"column":5}},"194":{"start":{"line":620,"column":6},"end":{"line":620,"column":43}},"195":{"start":{"line":622,"column":4},"end":{"line":624,"column":5}},"196":{"start":{"line":623,"column":6},"end":{"line":623,"column":46}},"197":{"start":{"line":625,"column":4},"end":{"line":625,"column":16}},"198":{"start":{"line":632,"column":4},"end":{"line":634,"column":5}},"199":{"start":{"line":633,"column":6},"end":{"line":633,"column":144}},"200":{"start":{"line":636,"column":25},"end":{"line":636,"column":46}},"201":{"start":{"line":637,"column":4},"end":{"line":639,"column":5}},"202":{"start":{"line":638,"column":6},"end":{"line":638,"column":134}},"203":{"start":{"line":640,"column":4},"end":{"line":642,"column":5}},"204":{"start":{"line":641,"column":6},"end":{"line":641,"column":165}},"205":{"start":{"line":644,"column":4},"end":{"line":644,"column":109}}},"fnMap":{"0":{"name":"(anonymous_0)","decl":{"start":{"line":13,"column":2},"end":{"line":13,"column":3}},"loc":{"start":{"line":13,"column":16},"end":{"line":48,"column":3}},"line":13},"1":{"name":"(anonymous_1)","decl":{"start":{"line":56,"column":2},"end":{"line":56,"column":3}},"loc":{"start":{"line":56,"column":30},"end":{"line":75,"column":3}},"line":56},"2":{"name":"(anonymous_2)","decl":{"start":{"line":80,"column":2},"end":{"line":80,"column":3}},"loc":{"start":{"line":80,"column":27},"end":{"line":108,"column":3}},"line":80},"3":{"name":"(anonymous_3)","decl":{"start":{"line":113,"column":2},"end":{"line":113,"column":3}},"loc":{"start":{"line":113,"column":54},"end":{"line":210,"column":3}},"line":113},"4":{"name":"(anonymous_4)","decl":{"start":{"line":215,"column":2},"end":{"line":215,"column":3}},"loc":{"start":{"line":215,"column":50},"end":{"line":403,"column":3}},"line":215},"5":{"name":"(anonymous_5)","decl":{"start":{"line":408,"column":2},"end":{"line":408,"column":3}},"loc":{"start":{"line":408,"column":66},"end":{"line":432,"column":3}},"line":408},"6":{"name":"(anonymous_6)","decl":{"start":{"line":437,"column":2},"end":{"line":437,"column":3}},"loc":{"start":{"line":437,"column":37},"end":{"line":444,"column":3}},"line":437},"7":{"name":"(anonymous_7)","decl":{"start":{"line":449,"column":2},"end":{"line":449,"column":3}},"loc":{"start":{"line":449,"column":42},"end":{"line":474,"column":3}},"line":449},"8":{"name":"(anonymous_8)","decl":{"start":{"line":479,"column":2},"end":{"line":479,"column":3}},"loc":{"start":{"line":479,"column":37},"end":{"line":497,"column":3}},"line":479},"9":{"name":"(anonymous_9)","decl":{"start":{"line":502,"column":2},"end":{"line":502,"column":3}},"loc":{"start":{"line":502,"column":39},"end":{"line":529,"column":3}},"line":502},"10":{"name":"(anonymous_10)","decl":{"start":{"line":534,"column":2},"end":{"line":534,"column":3}},"loc":{"start":{"line":534,"column":43},"end":{"line":586,"column":3}},"line":534},"11":{"name":"(anonymous_11)","decl":{"start":{"line":591,"column":2},"end":{"line":591,"column":3}},"loc":{"start":{"line":591,"column":43},"end":{"line":597,"column":3}},"line":591},"12":{"name":"(anonymous_12)","decl":{"start":{"line":602,"column":2},"end":{"line":602,"column":3}},"loc":{"start":{"line":602,"column":42},"end":{"line":610,"column":3}},"line":602},"13":{"name":"(anonymous_13)","decl":{"start":{"line":615,"column":2},"end":{"line":615,"column":3}},"loc":{"start":{"line":615,"column":34},"end":{"line":626,"column":3}},"line":615},"14":{"name":"(anonymous_14)","decl":{"start":{"line":631,"column":2},"end":{"line":631,"column":3}},"loc":{"start":{"line":631,"column":44},"end":{"line":645,"column":3}},"line":631}},"branchMap":{"0":{"loc":{"start":{"line":58,"column":4},"end":{"line":65,"column":5}},"type":"if","locations":[{"start":{"line":58,"column":4},"end":{"line":65,"column":5}},{"start":{},"end":{}}],"line":58},"1":{"loc":{"start":{"line":58,"column":8},"end":{"line":58,"column":45}},"type":"binary-expr","locations":[{"start":{"line":58,"column":8},"end":{"line":58,"column":22}},{"start":{"line":58,"column":26},"end":{"line":58,"column":45}}],"line":58},"2":{"loc":{"start":{"line":81,"column":4},"end":{"line":88,"column":5}},"type":"if","locations":[{"start":{"line":81,"column":4},"end":{"line":88,"column":5}},{"start":{},"end":{}}],"line":81},"3":{"loc":{"start":{"line":90,"column":4},"end":{"line":100,"column":5}},"type":"if","locations":[{"start":{"line":90,"column":4},"end":{"line":100,"column":5}},{"start":{},"end":{}}],"line":90},"4":{"loc":{"start":{"line":93,"column":14},"end":{"line":93,"column":39}},"type":"binary-expr","locations":[{"start":{"line":93,"column":14},"end":{"line":93,"column":24}},{"start":{"line":93,"column":28},"end":{"line":93,"column":39}}],"line":93},"5":{"loc":{"start":{"line":115,"column":4},"end":{"line":117,"column":5}},"type":"if","locations":[{"start":{"line":115,"column":4},"end":{"line":117,"column":5}},{"start":{},"end":{}}],"line":115},"6":{"loc":{"start":{"line":115,"column":8},"end":{"line":115,"column":64}},"type":"binary-expr","locations":[{"start":{"line":115,"column":8},"end":{"line":115,"column":20}},{"start":{"line":115,"column":24},"end":{"line":115,"column":64}}],"line":115},"7":{"loc":{"start":{"line":118,"column":4},"end":{"line":120,"column":5}},"type":"if","locations":[{"start":{"line":118,"column":4},"end":{"line":120,"column":5}},{"start":{},"end":{}}],"line":118},"8":{"loc":{"start":{"line":118,"column":8},"end":{"line":118,"column":66}},"type":"binary-expr","locations":[{"start":{"line":118,"column":8},"end":{"line":118,"column":18}},{"start":{"line":118,"column":22},"end":{"line":118,"column":66}}],"line":118},"9":{"loc":{"start":{"line":121,"column":4},"end":{"line":123,"column":5}},"type":"if","locations":[{"start":{"line":121,"column":4},"end":{"line":123,"column":5}},{"start":{},"end":{}}],"line":121},"10":{"loc":{"start":{"line":121,"column":8},"end":{"line":121,"column":71}},"type":"binary-expr","locations":[{"start":{"line":121,"column":8},"end":{"line":121,"column":19}},{"start":{"line":121,"column":23},"end":{"line":121,"column":71}}],"line":121},"11":{"loc":{"start":{"line":124,"column":4},"end":{"line":126,"column":5}},"type":"if","locations":[{"start":{"line":124,"column":4},"end":{"line":126,"column":5}},{"start":{},"end":{}}],"line":124},"12":{"loc":{"start":{"line":124,"column":8},"end":{"line":124,"column":69}},"type":"binary-expr","locations":[{"start":{"line":124,"column":8},"end":{"line":124,"column":19}},{"start":{"line":124,"column":23},"end":{"line":124,"column":69}}],"line":124},"13":{"loc":{"start":{"line":127,"column":4},"end":{"line":129,"column":5}},"type":"if","locations":[{"start":{"line":127,"column":4},"end":{"line":129,"column":5}},{"start":{},"end":{}}],"line":127},"14":{"loc":{"start":{"line":127,"column":8},"end":{"line":127,"column":72}},"type":"binary-expr","locations":[{"start":{"line":127,"column":8},"end":{"line":127,"column":19}},{"start":{"line":127,"column":23},"end":{"line":127,"column":72}}],"line":127},"15":{"loc":{"start":{"line":130,"column":4},"end":{"line":132,"column":5}},"type":"if","locations":[{"start":{"line":130,"column":4},"end":{"line":132,"column":5}},{"start":{},"end":{}}],"line":130},"16":{"loc":{"start":{"line":130,"column":8},"end":{"line":130,"column":70}},"type":"binary-expr","locations":[{"start":{"line":130,"column":8},"end":{"line":130,"column":19}},{"start":{"line":130,"column":23},"end":{"line":130,"column":70}}],"line":130},"17":{"loc":{"start":{"line":135,"column":4},"end":{"line":137,"column":5}},"type":"if","locations":[{"start":{"line":135,"column":4},"end":{"line":137,"column":5}},{"start":{},"end":{}}],"line":135},"18":{"loc":{"start":{"line":138,"column":4},"end":{"line":140,"column":5}},"type":"if","locations":[{"start":{"line":138,"column":4},"end":{"line":140,"column":5}},{"start":{},"end":{}}],"line":138},"19":{"loc":{"start":{"line":141,"column":4},"end":{"line":143,"column":5}},"type":"if","locations":[{"start":{"line":141,"column":4},"end":{"line":143,"column":5}},{"start":{},"end":{}}],"line":141},"20":{"loc":{"start":{"line":144,"column":4},"end":{"line":146,"column":5}},"type":"if","locations":[{"start":{"line":144,"column":4},"end":{"line":146,"column":5}},{"start":{},"end":{}}],"line":144},"21":{"loc":{"start":{"line":149,"column":4},"end":{"line":151,"column":5}},"type":"if","locations":[{"start":{"line":149,"column":4},"end":{"line":151,"column":5}},{"start":{},"end":{}}],"line":149},"22":{"loc":{"start":{"line":149,"column":8},"end":{"line":149,"column":112}},"type":"binary-expr","locations":[{"start":{"line":149,"column":8},"end":{"line":149,"column":59}},{"start":{"line":149,"column":63},"end":{"line":149,"column":70}},{"start":{"line":149,"column":74},"end":{"line":149,"column":112}}],"line":149},"23":{"loc":{"start":{"line":152,"column":4},"end":{"line":154,"column":5}},"type":"if","locations":[{"start":{"line":152,"column":4},"end":{"line":154,"column":5}},{"start":{},"end":{}}],"line":152},"24":{"loc":{"start":{"line":155,"column":4},"end":{"line":157,"column":5}},"type":"if","locations":[{"start":{"line":155,"column":4},"end":{"line":157,"column":5}},{"start":{},"end":{}}],"line":155},"25":{"loc":{"start":{"line":158,"column":4},"end":{"line":160,"column":5}},"type":"if","locations":[{"start":{"line":158,"column":4},"end":{"line":160,"column":5}},{"start":{},"end":{}}],"line":158},"26":{"loc":{"start":{"line":161,"column":4},"end":{"line":163,"column":5}},"type":"if","locations":[{"start":{"line":161,"column":4},"end":{"line":163,"column":5}},{"start":{},"end":{}}],"line":161},"27":{"loc":{"start":{"line":164,"column":4},"end":{"line":166,"column":5}},"type":"if","locations":[{"start":{"line":164,"column":4},"end":{"line":166,"column":5}},{"start":{},"end":{}}],"line":164},"28":{"loc":{"start":{"line":167,"column":4},"end":{"line":169,"column":5}},"type":"if","locations":[{"start":{"line":167,"column":4},"end":{"line":169,"column":5}},{"start":{},"end":{}}],"line":167},"29":{"loc":{"start":{"line":170,"column":4},"end":{"line":172,"column":5}},"type":"if","locations":[{"start":{"line":170,"column":4},"end":{"line":172,"column":5}},{"start":{},"end":{}}],"line":170},"30":{"loc":{"start":{"line":173,"column":4},"end":{"line":175,"column":5}},"type":"if","locations":[{"start":{"line":173,"column":4},"end":{"line":175,"column":5}},{"start":{},"end":{}}],"line":173},"31":{"loc":{"start":{"line":176,"column":4},"end":{"line":178,"column":5}},"type":"if","locations":[{"start":{"line":176,"column":4},"end":{"line":178,"column":5}},{"start":{},"end":{}}],"line":176},"32":{"loc":{"start":{"line":179,"column":4},"end":{"line":181,"column":5}},"type":"if","locations":[{"start":{"line":179,"column":4},"end":{"line":181,"column":5}},{"start":{},"end":{}}],"line":179},"33":{"loc":{"start":{"line":182,"column":4},"end":{"line":184,"column":5}},"type":"if","locations":[{"start":{"line":182,"column":4},"end":{"line":184,"column":5}},{"start":{},"end":{}}],"line":182},"34":{"loc":{"start":{"line":185,"column":4},"end":{"line":187,"column":5}},"type":"if","locations":[{"start":{"line":185,"column":4},"end":{"line":187,"column":5}},{"start":{},"end":{}}],"line":185},"35":{"loc":{"start":{"line":188,"column":4},"end":{"line":190,"column":5}},"type":"if","locations":[{"start":{"line":188,"column":4},"end":{"line":190,"column":5}},{"start":{},"end":{}}],"line":188},"36":{"loc":{"start":{"line":193,"column":4},"end":{"line":207,"column":5}},"type":"if","locations":[{"start":{"line":193,"column":4},"end":{"line":207,"column":5}},{"start":{},"end":{}}],"line":193},"37":{"loc":{"start":{"line":195,"column":6},"end":{"line":197,"column":7}},"type":"if","locations":[{"start":{"line":195,"column":6},"end":{"line":197,"column":7}},{"start":{},"end":{}}],"line":195},"38":{"loc":{"start":{"line":195,"column":10},"end":{"line":195,"column":89}},"type":"binary-expr","locations":[{"start":{"line":195,"column":10},"end":{"line":195,"column":42}},{"start":{"line":195,"column":46},"end":{"line":195,"column":89}}],"line":195},"39":{"loc":{"start":{"line":198,"column":6},"end":{"line":200,"column":7}},"type":"if","locations":[{"start":{"line":198,"column":6},"end":{"line":200,"column":7}},{"start":{},"end":{}}],"line":198},"40":{"loc":{"start":{"line":198,"column":10},"end":{"line":198,"column":86}},"type":"binary-expr","locations":[{"start":{"line":198,"column":10},"end":{"line":198,"column":39}},{"start":{"line":198,"column":43},"end":{"line":198,"column":86}}],"line":198},"41":{"loc":{"start":{"line":201,"column":6},"end":{"line":203,"column":7}},"type":"if","locations":[{"start":{"line":201,"column":6},"end":{"line":203,"column":7}},{"start":{},"end":{}}],"line":201},"42":{"loc":{"start":{"line":201,"column":10},"end":{"line":201,"column":93}},"type":"binary-expr","locations":[{"start":{"line":201,"column":10},"end":{"line":201,"column":45}},{"start":{"line":201,"column":49},"end":{"line":201,"column":93}}],"line":201},"43":{"loc":{"start":{"line":204,"column":6},"end":{"line":206,"column":7}},"type":"if","locations":[{"start":{"line":204,"column":6},"end":{"line":206,"column":7}},{"start":{},"end":{}}],"line":204},"44":{"loc":{"start":{"line":204,"column":10},"end":{"line":204,"column":81}},"type":"binary-expr","locations":[{"start":{"line":204,"column":10},"end":{"line":204,"column":42}},{"start":{"line":204,"column":46},"end":{"line":204,"column":81}}],"line":204},"45":{"loc":{"start":{"line":218,"column":4},"end":{"line":402,"column":5}},"type":"switch","locations":[{"start":{"line":219,"column":6},"end":{"line":225,"column":10}},{"start":{"line":227,"column":6},"end":{"line":233,"column":10}},{"start":{"line":235,"column":6},"end":{"line":241,"column":10}},{"start":{"line":243,"column":6},"end":{"line":249,"column":10}},{"start":{"line":251,"column":6},"end":{"line":257,"column":10}},{"start":{"line":259,"column":6},"end":{"line":265,"column":10}},{"start":{"line":267,"column":6},"end":{"line":273,"column":10}},{"start":{"line":275,"column":6},"end":{"line":281,"column":10}},{"start":{"line":283,"column":6},"end":{"line":289,"column":10}},{"start":{"line":291,"column":6},"end":{"line":297,"column":10}},{"start":{"line":299,"column":6},"end":{"line":305,"column":10}},{"start":{"line":307,"column":6},"end":{"line":313,"column":10}},{"start":{"line":315,"column":6},"end":{"line":321,"column":10}},{"start":{"line":323,"column":6},"end":{"line":329,"column":10}},{"start":{"line":331,"column":6},"end":{"line":337,"column":10}},{"start":{"line":339,"column":6},"end":{"line":345,"column":10}},{"start":{"line":347,"column":6},"end":{"line":353,"column":10}},{"start":{"line":355,"column":6},"end":{"line":361,"column":10}},{"start":{"line":363,"column":6},"end":{"line":369,"column":10}},{"start":{"line":371,"column":6},"end":{"line":377,"column":10}},{"start":{"line":379,"column":6},"end":{"line":385,"column":10}},{"start":{"line":387,"column":6},"end":{"line":393,"column":10}},{"start":{"line":395,"column":6},"end":{"line":401,"column":10}}],"line":218},"46":{"loc":{"start":{"line":412,"column":4},"end":{"line":421,"column":5}},"type":"if","locations":[{"start":{"line":412,"column":4},"end":{"line":421,"column":5}},{"start":{"line":419,"column":11},"end":{"line":421,"column":5}}],"line":412},"47":{"loc":{"start":{"line":414,"column":6},"end":{"line":418,"column":7}},"type":"if","locations":[{"start":{"line":414,"column":6},"end":{"line":418,"column":7}},{"start":{"line":416,"column":13},"end":{"line":418,"column":7}}],"line":414},"48":{"loc":{"start":{"line":414,"column":10},"end":{"line":414,"column":100}},"type":"binary-expr","locations":[{"start":{"line":414,"column":10},"end":{"line":414,"column":35}},{"start":{"line":414,"column":39},"end":{"line":414,"column":73}},{"start":{"line":414,"column":77},"end":{"line":414,"column":100}}],"line":414},"49":{"loc":{"start":{"line":427,"column":4},"end":{"line":429,"column":5}},"type":"if","locations":[{"start":{"line":427,"column":4},"end":{"line":429,"column":5}},{"start":{},"end":{}}],"line":427},"50":{"loc":{"start":{"line":427,"column":8},"end":{"line":427,"column":56}},"type":"binary-expr","locations":[{"start":{"line":427,"column":8},"end":{"line":427,"column":24}},{"start":{"line":427,"column":28},"end":{"line":427,"column":56}}],"line":427},"51":{"loc":{"start":{"line":451,"column":4},"end":{"line":453,"column":5}},"type":"if","locations":[{"start":{"line":451,"column":4},"end":{"line":453,"column":5}},{"start":{},"end":{}}],"line":451},"52":{"loc":{"start":{"line":451,"column":8},"end":{"line":451,"column":43}},"type":"binary-expr","locations":[{"start":{"line":451,"column":8},"end":{"line":451,"column":15}},{"start":{"line":451,"column":19},"end":{"line":451,"column":43}}],"line":451},"53":{"loc":{"start":{"line":454,"column":4},"end":{"line":456,"column":5}},"type":"if","locations":[{"start":{"line":454,"column":4},"end":{"line":456,"column":5}},{"start":{},"end":{}}],"line":454},"54":{"loc":{"start":{"line":454,"column":8},"end":{"line":454,"column":46}},"type":"binary-expr","locations":[{"start":{"line":454,"column":8},"end":{"line":454,"column":15}},{"start":{"line":454,"column":19},"end":{"line":454,"column":46}}],"line":454},"55":{"loc":{"start":{"line":457,"column":4},"end":{"line":459,"column":5}},"type":"if","locations":[{"start":{"line":457,"column":4},"end":{"line":459,"column":5}},{"start":{},"end":{}}],"line":457},"56":{"loc":{"start":{"line":457,"column":8},"end":{"line":457,"column":44}},"type":"binary-expr","locations":[{"start":{"line":457,"column":8},"end":{"line":457,"column":15}},{"start":{"line":457,"column":19},"end":{"line":457,"column":44}}],"line":457},"57":{"loc":{"start":{"line":461,"column":4},"end":{"line":461,"column":73}},"type":"if","locations":[{"start":{"line":461,"column":4},"end":{"line":461,"column":73}},{"start":{},"end":{}}],"line":461},"58":{"loc":{"start":{"line":464,"column":4},"end":{"line":466,"column":5}},"type":"if","locations":[{"start":{"line":464,"column":4},"end":{"line":466,"column":5}},{"start":{},"end":{}}],"line":464},"59":{"loc":{"start":{"line":464,"column":8},"end":{"line":464,"column":107}},"type":"binary-expr","locations":[{"start":{"line":464,"column":8},"end":{"line":464,"column":37}},{"start":{"line":464,"column":42},"end":{"line":464,"column":71}},{"start":{"line":464,"column":75},"end":{"line":464,"column":106}}],"line":464},"60":{"loc":{"start":{"line":467,"column":4},"end":{"line":469,"column":5}},"type":"if","locations":[{"start":{"line":467,"column":4},"end":{"line":469,"column":5}},{"start":{},"end":{}}],"line":467},"61":{"loc":{"start":{"line":467,"column":8},"end":{"line":467,"column":77}},"type":"binary-expr","locations":[{"start":{"line":467,"column":8},"end":{"line":467,"column":42}},{"start":{"line":467,"column":46},"end":{"line":467,"column":77}}],"line":467},"62":{"loc":{"start":{"line":470,"column":4},"end":{"line":472,"column":5}},"type":"if","locations":[{"start":{"line":470,"column":4},"end":{"line":472,"column":5}},{"start":{},"end":{}}],"line":470},"63":{"loc":{"start":{"line":470,"column":8},"end":{"line":470,"column":118}},"type":"binary-expr","locations":[{"start":{"line":470,"column":8},"end":{"line":470,"column":39}},{"start":{"line":470,"column":43},"end":{"line":470,"column":77}},{"start":{"line":470,"column":81},"end":{"line":470,"column":118}}],"line":470},"64":{"loc":{"start":{"line":482,"column":4},"end":{"line":484,"column":5}},"type":"if","locations":[{"start":{"line":482,"column":4},"end":{"line":484,"column":5}},{"start":{},"end":{}}],"line":482},"65":{"loc":{"start":{"line":487,"column":4},"end":{"line":489,"column":5}},"type":"if","locations":[{"start":{"line":487,"column":4},"end":{"line":489,"column":5}},{"start":{},"end":{}}],"line":487},"66":{"loc":{"start":{"line":487,"column":8},"end":{"line":487,"column":107}},"type":"binary-expr","locations":[{"start":{"line":487,"column":8},"end":{"line":487,"column":37}},{"start":{"line":487,"column":42},"end":{"line":487,"column":71}},{"start":{"line":487,"column":75},"end":{"line":487,"column":106}}],"line":487},"67":{"loc":{"start":{"line":490,"column":4},"end":{"line":492,"column":5}},"type":"if","locations":[{"start":{"line":490,"column":4},"end":{"line":492,"column":5}},{"start":{},"end":{}}],"line":490},"68":{"loc":{"start":{"line":490,"column":8},"end":{"line":490,"column":114}},"type":"binary-expr","locations":[{"start":{"line":490,"column":8},"end":{"line":490,"column":42}},{"start":{"line":490,"column":46},"end":{"line":490,"column":77}},{"start":{"line":490,"column":81},"end":{"line":490,"column":114}}],"line":490},"69":{"loc":{"start":{"line":493,"column":4},"end":{"line":495,"column":5}},"type":"if","locations":[{"start":{"line":493,"column":4},"end":{"line":495,"column":5}},{"start":{},"end":{}}],"line":493},"70":{"loc":{"start":{"line":493,"column":8},"end":{"line":493,"column":118}},"type":"binary-expr","locations":[{"start":{"line":493,"column":8},"end":{"line":493,"column":39}},{"start":{"line":493,"column":43},"end":{"line":493,"column":77}},{"start":{"line":493,"column":81},"end":{"line":493,"column":118}}],"line":493},"71":{"loc":{"start":{"line":504,"column":4},"end":{"line":506,"column":5}},"type":"if","locations":[{"start":{"line":504,"column":4},"end":{"line":506,"column":5}},{"start":{},"end":{}}],"line":504},"72":{"loc":{"start":{"line":507,"column":4},"end":{"line":509,"column":5}},"type":"if","locations":[{"start":{"line":507,"column":4},"end":{"line":509,"column":5}},{"start":{},"end":{}}],"line":507},"73":{"loc":{"start":{"line":512,"column":4},"end":{"line":526,"column":5}},"type":"if","locations":[{"start":{"line":512,"column":4},"end":{"line":526,"column":5}},{"start":{},"end":{}}],"line":512},"74":{"loc":{"start":{"line":514,"column":6},"end":{"line":516,"column":7}},"type":"if","locations":[{"start":{"line":514,"column":6},"end":{"line":516,"column":7}},{"start":{},"end":{}}],"line":514},"75":{"loc":{"start":{"line":514,"column":10},"end":{"line":514,"column":90}},"type":"binary-expr","locations":[{"start":{"line":514,"column":10},"end":{"line":514,"column":43}},{"start":{"line":514,"column":47},"end":{"line":514,"column":90}}],"line":514},"76":{"loc":{"start":{"line":517,"column":6},"end":{"line":519,"column":7}},"type":"if","locations":[{"start":{"line":517,"column":6},"end":{"line":519,"column":7}},{"start":{},"end":{}}],"line":517},"77":{"loc":{"start":{"line":517,"column":10},"end":{"line":517,"column":95}},"type":"binary-expr","locations":[{"start":{"line":517,"column":10},"end":{"line":517,"column":48}},{"start":{"line":517,"column":52},"end":{"line":517,"column":95}}],"line":517},"78":{"loc":{"start":{"line":520,"column":6},"end":{"line":522,"column":7}},"type":"if","locations":[{"start":{"line":520,"column":6},"end":{"line":522,"column":7}},{"start":{},"end":{}}],"line":520},"79":{"loc":{"start":{"line":520,"column":10},"end":{"line":520,"column":90}},"type":"binary-expr","locations":[{"start":{"line":520,"column":10},"end":{"line":520,"column":43}},{"start":{"line":520,"column":47},"end":{"line":520,"column":90}}],"line":520},"80":{"loc":{"start":{"line":523,"column":6},"end":{"line":525,"column":7}},"type":"if","locations":[{"start":{"line":523,"column":6},"end":{"line":525,"column":7}},{"start":{},"end":{}}],"line":523},"81":{"loc":{"start":{"line":523,"column":10},"end":{"line":523,"column":89}},"type":"binary-expr","locations":[{"start":{"line":523,"column":10},"end":{"line":523,"column":42}},{"start":{"line":523,"column":46},"end":{"line":523,"column":89}}],"line":523},"82":{"loc":{"start":{"line":528,"column":11},"end":{"line":528,"column":52}},"type":"binary-expr","locations":[{"start":{"line":528,"column":11},"end":{"line":528,"column":18}},{"start":{"line":528,"column":22},"end":{"line":528,"column":52}}],"line":528},"83":{"loc":{"start":{"line":535,"column":4},"end":{"line":537,"column":5}},"type":"if","locations":[{"start":{"line":535,"column":4},"end":{"line":537,"column":5}},{"start":{},"end":{}}],"line":535},"84":{"loc":{"start":{"line":535,"column":8},"end":{"line":535,"column":28}},"type":"binary-expr","locations":[{"start":{"line":535,"column":8},"end":{"line":535,"column":16}},{"start":{"line":535,"column":20},"end":{"line":535,"column":28}}],"line":535},"85":{"loc":{"start":{"line":539,"column":26},"end":{"line":539,"column":39}},"type":"binary-expr","locations":[{"start":{"line":539,"column":26},"end":{"line":539,"column":33}},{"start":{"line":539,"column":37},"end":{"line":539,"column":39}}],"line":539},"86":{"loc":{"start":{"line":540,"column":26},"end":{"line":540,"column":39}},"type":"binary-expr","locations":[{"start":{"line":540,"column":26},"end":{"line":540,"column":33}},{"start":{"line":540,"column":37},"end":{"line":540,"column":39}}],"line":540},"87":{"loc":{"start":{"line":543,"column":4},"end":{"line":551,"column":5}},"type":"if","locations":[{"start":{"line":543,"column":4},"end":{"line":551,"column":5}},{"start":{},"end":{}}],"line":543},"88":{"loc":{"start":{"line":544,"column":6},"end":{"line":546,"column":7}},"type":"if","locations":[{"start":{"line":544,"column":6},"end":{"line":546,"column":7}},{"start":{},"end":{}}],"line":544},"89":{"loc":{"start":{"line":544,"column":10},"end":{"line":544,"column":122}},"type":"binary-expr","locations":[{"start":{"line":544,"column":10},"end":{"line":544,"column":49}},{"start":{"line":544,"column":53},"end":{"line":544,"column":83}},{"start":{"line":544,"column":87},"end":{"line":544,"column":122}}],"line":544},"90":{"loc":{"start":{"line":547,"column":6},"end":{"line":549,"column":7}},"type":"if","locations":[{"start":{"line":547,"column":6},"end":{"line":549,"column":7}},{"start":{},"end":{}}],"line":547},"91":{"loc":{"start":{"line":552,"column":4},"end":{"line":560,"column":5}},"type":"if","locations":[{"start":{"line":552,"column":4},"end":{"line":560,"column":5}},{"start":{},"end":{}}],"line":552},"92":{"loc":{"start":{"line":552,"column":8},"end":{"line":552,"column":73}},"type":"binary-expr","locations":[{"start":{"line":552,"column":8},"end":{"line":552,"column":37}},{"start":{"line":552,"column":41},"end":{"line":552,"column":73}}],"line":552},"93":{"loc":{"start":{"line":553,"column":6},"end":{"line":555,"column":7}},"type":"if","locations":[{"start":{"line":553,"column":6},"end":{"line":555,"column":7}},{"start":{},"end":{}}],"line":553},"94":{"loc":{"start":{"line":556,"column":6},"end":{"line":558,"column":7}},"type":"if","locations":[{"start":{"line":556,"column":6},"end":{"line":558,"column":7}},{"start":{},"end":{}}],"line":556},"95":{"loc":{"start":{"line":561,"column":4},"end":{"line":563,"column":5}},"type":"if","locations":[{"start":{"line":561,"column":4},"end":{"line":563,"column":5}},{"start":{},"end":{}}],"line":561},"96":{"loc":{"start":{"line":561,"column":8},"end":{"line":561,"column":79}},"type":"binary-expr","locations":[{"start":{"line":561,"column":8},"end":{"line":561,"column":40}},{"start":{"line":561,"column":44},"end":{"line":561,"column":79}}],"line":561},"97":{"loc":{"start":{"line":564,"column":4},"end":{"line":566,"column":5}},"type":"if","locations":[{"start":{"line":564,"column":4},"end":{"line":566,"column":5}},{"start":{},"end":{}}],"line":564},"98":{"loc":{"start":{"line":564,"column":8},"end":{"line":564,"column":84}},"type":"binary-expr","locations":[{"start":{"line":564,"column":8},"end":{"line":564,"column":44}},{"start":{"line":564,"column":48},"end":{"line":564,"column":84}}],"line":564},"99":{"loc":{"start":{"line":567,"column":4},"end":{"line":569,"column":5}},"type":"if","locations":[{"start":{"line":567,"column":4},"end":{"line":569,"column":5}},{"start":{},"end":{}}],"line":567},"100":{"loc":{"start":{"line":572,"column":4},"end":{"line":577,"column":5}},"type":"if","locations":[{"start":{"line":572,"column":4},"end":{"line":577,"column":5}},{"start":{},"end":{}}],"line":572},"101":{"loc":{"start":{"line":572,"column":8},"end":{"line":572,"column":78}},"type":"binary-expr","locations":[{"start":{"line":572,"column":8},"end":{"line":572,"column":42}},{"start":{"line":572,"column":46},"end":{"line":572,"column":78}}],"line":572},"102":{"loc":{"start":{"line":573,"column":6},"end":{"line":575,"column":7}},"type":"if","locations":[{"start":{"line":573,"column":6},"end":{"line":575,"column":7}},{"start":{},"end":{}}],"line":573},"103":{"loc":{"start":{"line":573,"column":10},"end":{"line":573,"column":85}},"type":"binary-expr","locations":[{"start":{"line":573,"column":10},"end":{"line":573,"column":43}},{"start":{"line":573,"column":47},"end":{"line":573,"column":85}}],"line":573},"104":{"loc":{"start":{"line":578,"column":4},"end":{"line":580,"column":5}},"type":"if","locations":[{"start":{"line":578,"column":4},"end":{"line":580,"column":5}},{"start":{},"end":{}}],"line":578},"105":{"loc":{"start":{"line":578,"column":8},"end":{"line":578,"column":73}},"type":"binary-expr","locations":[{"start":{"line":578,"column":8},"end":{"line":578,"column":40}},{"start":{"line":578,"column":44},"end":{"line":578,"column":73}}],"line":578},"106":{"loc":{"start":{"line":581,"column":4},"end":{"line":583,"column":5}},"type":"if","locations":[{"start":{"line":581,"column":4},"end":{"line":583,"column":5}},{"start":{},"end":{}}],"line":581},"107":{"loc":{"start":{"line":581,"column":8},"end":{"line":581,"column":77}},"type":"binary-expr","locations":[{"start":{"line":581,"column":8},"end":{"line":581,"column":41}},{"start":{"line":581,"column":45},"end":{"line":581,"column":77}}],"line":581},"108":{"loc":{"start":{"line":592,"column":4},"end":{"line":592,"column":36}},"type":"if","locations":[{"start":{"line":592,"column":4},"end":{"line":592,"column":36}},{"start":{},"end":{}}],"line":592},"109":{"loc":{"start":{"line":603,"column":4},"end":{"line":603,"column":36}},"type":"if","locations":[{"start":{"line":603,"column":4},"end":{"line":603,"column":36}},{"start":{},"end":{}}],"line":603},"110":{"loc":{"start":{"line":606,"column":4},"end":{"line":608,"column":5}},"type":"if","locations":[{"start":{"line":606,"column":4},"end":{"line":608,"column":5}},{"start":{},"end":{}}],"line":606},"111":{"loc":{"start":{"line":606,"column":8},"end":{"line":606,"column":45}},"type":"binary-expr","locations":[{"start":{"line":606,"column":8},"end":{"line":606,"column":12}},{"start":{"line":606,"column":16},"end":{"line":606,"column":45}}],"line":606},"112":{"loc":{"start":{"line":616,"column":4},"end":{"line":616,"column":32}},"type":"if","locations":[{"start":{"line":616,"column":4},"end":{"line":616,"column":32}},{"start":{},"end":{}}],"line":616},"113":{"loc":{"start":{"line":619,"column":4},"end":{"line":621,"column":5}},"type":"if","locations":[{"start":{"line":619,"column":4},"end":{"line":621,"column":5}},{"start":{},"end":{}}],"line":619},"114":{"loc":{"start":{"line":622,"column":4},"end":{"line":624,"column":5}},"type":"if","locations":[{"start":{"line":622,"column":4},"end":{"line":624,"column":5}},{"start":{},"end":{}}],"line":622},"115":{"loc":{"start":{"line":622,"column":8},"end":{"line":622,"column":66}},"type":"binary-expr","locations":[{"start":{"line":622,"column":8},"end":{"line":622,"column":22}},{"start":{"line":622,"column":26},"end":{"line":622,"column":66}}],"line":622},"116":{"loc":{"start":{"line":632,"column":4},"end":{"line":634,"column":5}},"type":"if","locations":[{"start":{"line":632,"column":4},"end":{"line":634,"column":5}},{"start":{},"end":{}}],"line":632},"117":{"loc":{"start":{"line":637,"column":4},"end":{"line":639,"column":5}},"type":"if","locations":[{"start":{"line":
[...]
olumn":75}},"91":{"start":{"line":317,"column":6},"end":{"line":317,"column":49}},"92":{"start":{"line":321,"column":4},"end":{"line":325,"column":6}},"93":{"start":{"line":334,"column":26},"end":{"line":334,"column":49}},"94":{"start":{"line":335,"column":16},"end":{"line":335,"column":18}},"95":{"start":{"line":337,"column":4},"end":{"line":337,"column":42}},"96":{"start":{"line":337,"column":40},"end":{"line":337,"column":41}},"97":{"start":{"line":338,"column":16},"end":{"line":338,"column":27}},"98":{"start":{"line":339,"column":4},"end":{"line":339,"column":22}},"99":{"start":{"line":340,"column":4},"end":{"line":340,"column":44}},"100":{"start":{"line":343,"column":4},"end":{"line":358,"column":5}},"101":{"start":{"line":344,"column":23},"end":{"line":344,"column":52}},"102":{"start":{"line":345,"column":23},"end":{"line":345,"column":48}},"103":{"start":{"line":347,"column":6},"end":{"line":357,"column":7}},"104":{"start":{"line":348,"column":8},"end":{"line":350,"column":9}},"105":{"start":{"line":349,"column":10},"end":{"line":349,"column":55}},"106":{"start":{"line":351,"column":8},"end":{"line":353,"column":9}},"107":{"start":{"line":352,"column":10},"end":{"line":352,"column":67}},"108":{"start":{"line":354,"column":8},"end":{"line":356,"column":9}},"109":{"start":{"line":355,"column":10},"end":{"line":355,"column":63}},"110":{"start":{"line":361,"column":21},"end":{"line":361,"column":44}},"111":{"start":{"line":362,"column":4},"end":{"line":364,"column":5}},"112":{"start":{"line":363,"column":6},"end":{"line":363,"column":51}},"113":{"start":{"line":365,"column":4},"end":{"line":367,"column":5}},"114":{"start":{"line":366,"column":6},"end":{"line":366,"column":63}},"115":{"start":{"line":368,"column":4},"end":{"line":370,"column":5}},"116":{"start":{"line":369,"column":6},"end":{"line":369,"column":59}},"117":{"start":{"line":372,"column":4},"end":{"line":372,"column":21}},"118":{"start":{"line":382,"column":4},"end":{"line":421,"column":7}},"119":{"start":{"line":383,"column":20},"end":{"line":383,"column":40}},"120":{"start":{"line":384,"column":19},"end":{"line":384,"column":21}},"121":{"start":{"line":385,"column":19},"end":{"line":385,"column":21}},"122":{"start":{"line":387,"column":6},"end":{"line":389,"column":9}},"123":{"start":{"line":388,"column":8},"end":{"line":388,"column":34}},"124":{"start":{"line":391,"column":6},"end":{"line":393,"column":9}},"125":{"start":{"line":392,"column":8},"end":{"line":392,"column":34}},"126":{"start":{"line":395,"column":6},"end":{"line":411,"column":9}},"127":{"start":{"line":396,"column":8},"end":{"line":410,"column":9}},"128":{"start":{"line":397,"column":10},"end":{"line":402,"column":13}},"129":{"start":{"line":404,"column":10},"end":{"line":409,"column":13}},"130":{"start":{"line":413,"column":6},"end":{"line":420,"column":9}},"131":{"start":{"line":414,"column":8},"end":{"line":419,"column":11}},"132":{"start":{"line":430,"column":4},"end":{"line":436,"column":5}},"133":{"start":{"line":431,"column":6},"end":{"line":435,"column":8}},"134":{"start":{"line":438,"column":4},"end":{"line":444,"column":5}},"135":{"start":{"line":439,"column":6},"end":{"line":443,"column":8}},"136":{"start":{"line":446,"column":4},"end":{"line":452,"column":5}},"137":{"start":{"line":447,"column":6},"end":{"line":451,"column":8}},"138":{"start":{"line":455,"column":4},"end":{"line":459,"column":6}}},"fnMap":{"0":{"name":"(anonymous_0)","decl":{"start":{"line":22,"column":2},"end":{"line":22,"column":3}},"loc":{"start":{"line":22,"column":16},"end":{"line":25,"column":3}},"line":22},"1":{"name":"(anonymous_1)","decl":{"start":{"line":32,"column":2},"end":{"line":32,"column":3}},"loc":{"start":{"line":32,"column":27},"end":{"line":73,"column":3}},"line":32},"2":{"name":"(anonymous_2)","decl":{"start":{"line":80,"column":2},"end":{"line":80,"column":3}},"loc":{"start":{"line":80,"column":44},"end":{"line":111,"column":3}},"line":80},"3":{"name":"(anonymous_3)","decl":{"start":{"line":118,"column":2},"end":{"line":118,"column":3}},"loc":{"start":{"line":118,"column":30},"end":{"line":121,"column":3}},"line":118},"4":{"name":"(anonymous_4)","decl":{"start":{"line":128,"column":2},"end":{"line":128,"column":3}},"loc":{"start":{"line":128,"column":37},"end":{"line":188,"column":3}},"line":128},"5":{"name":"(anonymous_5)","decl":{"start":{"line":195,"column":2},"end":{"line":195,"column":3}},"loc":{"start":{"line":195,"column":35},"end":{"line":208,"column":3}},"line":195},"6":{"name":"(anonymous_6)","decl":{"start":{"line":202,"column":37},"end":{"line":202,"column":38}},"loc":{"start":{"line":202,"column":46},"end":{"line":202,"column":69}},"line":202},"7":{"name":"(anonymous_7)","decl":{"start":{"line":216,"column":2},"end":{"line":216,"column":3}},"loc":{"start":{"line":216,"column":37},"end":{"line":247,"column":3}},"line":216},"8":{"name":"(anonymous_8)","decl":{"start":{"line":253,"column":2},"end":{"line":253,"column":3}},"loc":{"start":{"line":253,"column":30},"end":{"line":276,"column":3}},"line":253},"9":{"name":"(anonymous_9)","decl":{"start":{"line":282,"column":2},"end":{"line":282,"column":3}},"loc":{"start":{"line":282,"column":28},"end":{"line":326,"column":3}},"line":282},"10":{"name":"(anonymous_10)","decl":{"start":{"line":332,"column":2},"end":{"line":332,"column":3}},"loc":{"start":{"line":332,"column":20},"end":{"line":373,"column":3}},"line":332},"11":{"name":"(anonymous_11)","decl":{"start":{"line":337,"column":30},"end":{"line":337,"column":31}},"loc":{"start":{"line":337,"column":40},"end":{"line":337,"column":41}},"line":337},"12":{"name":"(anonymous_12)","decl":{"start":{"line":381,"column":2},"end":{"line":381,"column":3}},"loc":{"start":{"line":381,"column":38},"end":{"line":422,"column":3}},"line":381},"13":{"name":"(anonymous_13)","decl":{"start":{"line":382,"column":23},"end":{"line":382,"column":24}},"loc":{"start":{"line":382,"column":36},"end":{"line":421,"column":5}},"line":382},"14":{"name":"(anonymous_14)","decl":{"start":{"line":387,"column":30},"end":{"line":387,"column":31}},"loc":{"start":{"line":387,"column":40},"end":{"line":389,"column":7}},"line":387},"15":{"name":"(anonymous_15)","decl":{"start":{"line":391,"column":30},"end":{"line":391,"column":31}},"loc":{"start":{"line":391,"column":40},"end":{"line":393,"column":7}},"line":391},"16":{"name":"(anonymous_16)","decl":{"start":{"line":395,"column":24},"end":{"line":395,"column":25}},"loc":{"start":{"line":395,"column":34},"end":{"line":411,"column":7}},"line":395},"17":{"name":"(anonymous_17)","decl":{"start":{"line":413,"column":24},"end":{"line":413,"column":25}},"loc":{"start":{"line":413,"column":35},"end":{"line":420,"column":7}},"line":413},"18":{"name":"(anonymous_18)","decl":{"start":{"line":429,"column":2},"end":{"line":429,"column":3}},"loc":{"start":{"line":429,"column":26},"end":{"line":460,"column":3}},"line":429}},"branchMap":{"0":{"loc":{"start":{"line":24,"column":23},"end":{"line":24,"column":98}},"type":"binary-expr","locations":[{"start":{"line":24,"column":23},"end":{"line":24,"column":54}},{"start":{"line":24,"column":58},"end":{"line":24,"column":98}}],"line":24},"1":{"loc":{"start":{"line":36,"column":6},"end":{"line":42,"column":7}},"type":"if","locations":[{"start":{"line":36,"column":6},"end":{"line":42,"column":7}},{"start":{"line":38,"column":13},"end":{"line":42,"column":7}}],"line":36},"2":{"loc":{"start":{"line":36,"column":10},"end":{"line":36,"column":54}},"type":"binary-expr","locations":[{"start":{"line":36,"column":10},"end":{"line":36,"column":26}},{"start":{"line":36,"column":30},"end":{"line":36,"column":54}}],"line":36},"3":{"loc":{"start":{"line":38,"column":13},"end":{"line":42,"column":7}},"type":"if","locations":[{"start":{"line":38,"column":13},"end":{"line":42,"column":7}},{"start":{"line":40,"column":13},"end":{"line":42,"column":7}}],"line":38},"4":{"loc":{"start":{"line":38,"column":17},"end":{"line":38,"column":56}},"type":"binary-expr","locations":[{"start":{"line":38,"column":17},"end":{"line":38,"column":33}},{"start":{"line":38,"column":37},"end":{"line":38,"column":56}}],"line":38},"5":{"loc":{"start":{"line":54,"column":8},"end":{"line":60,"column":9}},"type":"if","locations":[{"start":{"line":54,"column":8},"end":{"line":60,"column":9}},{"start":{},"end":{}}],"line":54},"6":{"loc":{"start":{"line":83,"column":6},"end":{"line":90,"column":7}},"type":"if","locations":[{"start":{"line":83,"column":6},"end":{"line":90,"column":7}},{"start":{},"end":{}}],"line":83},"7":{"loc":{"start":{"line":83,"column":10},"end":{"line":83,"column":62}},"type":"binary-expr","locations":[{"start":{"line":83,"column":10},"end":{"line":83,"column":26}},{"start":{"line":83,"column":30},"end":{"line":83,"column":62}}],"line":83},"8":{"loc":{"start":{"line":86,"column":8},"end":{"line":88,"column":9}},"type":"if","locations":[{"start":{"line":86,"column":8},"end":{"line":88,"column":9}},{"start":{},"end":{}}],"line":86},"9":{"loc":{"start":{"line":94,"column":6},"end":{"line":96,"column":7}},"type":"if","locations":[{"start":{"line":94,"column":6},"end":{"line":96,"column":7}},{"start":{},"end":{}}],"line":94},"10":{"loc":{"start":{"line":105,"column":6},"end":{"line":107,"column":7}},"type":"if","locations":[{"start":{"line":105,"column":6},"end":{"line":107,"column":7}},{"start":{},"end":{}}],"line":105},"11":{"loc":{"start":{"line":105,"column":10},"end":{"line":105,"column":119}},"type":"binary-expr","locations":[{"start":{"line":105,"column":10},"end":{"line":105,"column":26}},{"start":{"line":105,"column":31},"end":{"line":105,"column":54}},{"start":{"line":105,"column":58},"end":{"line":105,"column":81}},{"start":{"line":105,"column":85},"end":{"line":105,"column":118}}],"line":105},"12":{"loc":{"start":{"line":119,"column":11},"end":{"line":120,"column":88}},"type":"binary-expr","locations":[{"start":{"line":119,"column":11},"end":{"line":119,"column":39}},{"start":{"line":119,"column":43},"end":{"line":119,"column":77}},{"start":{"line":120,"column":11},"end":{"line":120,"column":46}},{"start":{"line":120,"column":50},"end":{"line":120,"column":88}}],"line":119},"13":{"loc":{"start":{"line":157,"column":4},"end":{"line":159,"column":5}},"type":"if","locations":[{"start":{"line":157,"column":4},"end":{"line":159,"column":5}},{"start":{},"end":{}}],"line":157},"14":{"loc":{"start":{"line":162,"column":4},"end":{"line":166,"column":5}},"type":"if","locations":[{"start":{"line":162,"column":4},"end":{"line":166,"column":5}},{"start":{},"end":{}}],"line":162},"15":{"loc":{"start":{"line":169,"column":4},"end":{"line":173,"column":5}},"type":"if","locations":[{"start":{"line":169,"column":4},"end":{"line":173,"column":5}},{"start":{},"end":{}}],"line":169},"16":{"loc":{"start":{"line":176,"column":4},"end":{"line":180,"column":5}},"type":"if","locations":[{"start":{"line":176,"column":4},"end":{"line":180,"column":5}},{"start":{},"end":{}}],"line":176},"17":{"loc":{"start":{"line":183,"column":4},"end":{"line":185,"column":5}},"type":"if","locations":[{"start":{"line":183,"column":4},"end":{"line":185,"column":5}},{"start":{},"end":{}}],"line":183},"18":{"loc":{"start":{"line":197,"column":4},"end":{"line":199,"column":5}},"type":"if","locations":[{"start":{"line":197,"column":4},"end":{"line":199,"column":5}},{"start":{},"end":{}}],"line":197},"19":{"loc":{"start":{"line":203,"column":4},"end":{"line":205,"column":5}},"type":"if","locations":[{"start":{"line":203,"column":4},"end":{"line":205,"column":5}},{"start":{},"end":{}}],"line":203},"20":{"loc":{"start":{"line":217,"column":4},"end":{"line":223,"column":5}},"type":"if","locations":[{"start":{"line":217,"column":4},"end":{"line":223,"column":5}},{"start":{},"end":{}}],"line":217},"21":{"loc":{"start":{"line":225,"column":4},"end":{"line":231,"column":5}},"type":"if","locations":[{"start":{"line":225,"column":4},"end":{"line":231,"column":5}},{"start":{},"end":{}}],"line":225},"22":{"loc":{"start":{"line":233,"column":4},"end":{"line":239,"column":5}},"type":"if","locations":[{"start":{"line":233,"column":4},"end":{"line":239,"column":5}},{"start":{},"end":{}}],"line":233},"23":{"loc":{"start":{"line":233,"column":8},"end":{"line":233,"column":58}},"type":"binary-expr","locations":[{"start":{"line":233,"column":8},"end":{"line":233,"column":21}},{"start":{"line":233,"column":25},"end":{"line":233,"column":58}}],"line":233},"24":{"loc":{"start":{"line":256,"column":6},"end":{"line":258,"column":7}},"type":"if","locations":[{"start":{"line":256,"column":6},"end":{"line":258,"column":7}},{"start":{},"end":{}}],"line":256},"25":{"loc":{"start":{"line":263,"column":6},"end":{"line":271,"column":7}},"type":"if","locations":[{"start":{"line":263,"column":6},"end":{"line":271,"column":7}},{"start":{"line":269,"column":13},"end":{"line":271,"column":7}}],"line":263},"26":{"loc":{"start":{"line":284,"column":4},"end":{"line":298,"column":5}},"type":"if","locations":[{"start":{"line":284,"column":4},"end":{"line":298,"column":5}},{"start":{},"end":{}}],"line":284},"27":{"loc":{"start":{"line":285,"column":6},"end":{"line":297,"column":7}},"type":"switch","locations":[{"start":{"line":286,"column":8},"end":{"line":289,"column":54}},{"start":{"line":290,"column":8},"end":{"line":293,"column":50}},{"start":{"line":294,"column":8},"end":{"line":296,"column":53}}],"line":285},"28":{"loc":{"start":{"line":303,"column":4},"end":{"line":307,"column":5}},"type":"if","locations":[{"start":{"line":303,"column":4},"end":{"line":307,"column":5}},{"start":{},"end":{}}],"line":303},"29":{"loc":{"start":{"line":303,"column":8},"end":{"line":303,"column":113}},"type":"binary-expr","locations":[{"start":{"line":303,"column":8},"end":{"line":303,"column":50}},{"start":{"line":303,"column":54},"end":{"line":303,"column":113}}],"line":303},"30":{"loc":{"start":{"line":309,"column":4},"end":{"line":313,"column":5}},"type":"if","locations":[{"start":{"line":309,"column":4},"end":{"line":313,"column":5}},{"start":{},"end":{}}],"line":309},"31":{"loc":{"start":{"line":309,"column":8},"end":{"line":309,"column":121}},"type":"binary-expr","locations":[{"start":{"line":309,"column":8},"end":{"line":309,"column":46}},{"start":{"line":309,"column":50},"end":{"line":309,"column":121}}],"line":309},"32":{"loc":{"start":{"line":315,"column":4},"end":{"line":318,"column":5}},"type":"if","locations":[{"start":{"line":315,"column":4},"end":{"line":318,"column":5}},{"start":{},"end":{}}],"line":315},"33":{"loc":{"start":{"line":315,"column":8},"end":{"line":315,"column":124}},"type":"binary-expr","locations":[{"start":{"line":315,"column":8},"end":{"line":315,"column":53}},{"start":{"line":315,"column":57},"end":{"line":315,"column":124}}],"line":315},"34":{"loc":{"start":{"line":344,"column":23},"end":{"line":344,"column":52}},"type":"binary-expr","locations":[{"start":{"line":344,"column":23},"end":{"line":344,"column":46}},{"start":{"line":344,"column":50},"end":{"line":344,"column":52}}],"line":344},"35":{"loc":{"start":{"line":345,"column":23},"end":{"line":345,"column":48}},"type":"binary-expr","locations":[{"start":{"line":345,"column":23},"end":{"line":345,"column":42}},{"start":{"line":345,"column":46},"end":{"line":345,"column":48}}],"line":345},"36":{"loc":{"start":{"line":347,"column":6},"end":{"line":357,"column":7}},"type":"if","locations":[{"start":{"line":347,"column":6},"end":{"line":357,"column":7}},{"start":{},"end":{}}],"line":347},"37":{"loc":{"start":{"line":348,"column":8},"end":{"line":350,"column":9}},"type":"if","locations":[{"start":{"line":348,"column":8},"end":{"line":350,"column":9}},{"start":{},"end":{}}],"line":348},"38":{"loc":{"start":{"line":351,"column":8},"end":{"line":353,"column":9}},"type":"if","locations":[{"start":{"line":351,"column":8},"end":{"line":353,"column":9}},{"start":{},"end":{}}],"line":351},"39":{"loc":{"start":{"line":354,"column":8},"end":{"line":356,"column":9}},"type":"if","locations":[{"start":{"line":354,"column":8},"end":{"line":356,"column":9}},{"start":{},"end":{}}],"line":354},"40":{"loc":{"start":{"line":361,"column":21},"end":{"line":361,"column":44}},"type":"binary-expr","locations":[{"start":{"line":361,"column":21},"end":{"line":361,"column":38}},{"start":{"line":361,"column":42},"end":{"line":361,"column":44}}],"line":361},"41":{"loc":{"start":{"line":362,"column":4},"end":{"line":364,"column":5}},"type":"if","locations":[{"start":{"line":362,"column":4},"end":{"line":364,"column":5}},{"start":{},"end":{}}],"line":362},"42":{"loc":{"start":{"line":365,"column":4},"end":{"line":367,"column":5}},"type":"if","locations":[{"start":{"line":365,"column":4},"end":{"line":367,"column":5}},{"start":{},"end":{}}],"line":365},"43":{"loc":{"start":{"line":368,"column":4},"end":{"line":370,"column":5}},"type":"if","locations":[{"start":{"line":368,"column":4},"end":{"line":370,"column":5}},{"start":{},"end":{}}],"line":368},"44":{"loc":{"start":{"line":381,"column":27},"end":{"line":381,"column":36}},"type":"default-arg","locations":[{"start":{"line":381,"column":34},"end":{"line":381,"column":36}}],"line":381},"45":{"loc":{"start":{"line":396,"column":8},"end":{"line":410,"column":9}},"type":"if","locations":[{"start":{"line":396,"column":8},"end":{"line":410,"column":9}},{"start":{"line":403,"column":15},"end":{"line":410,"column":9}}],"line":396},"46":{"loc":{"start":{"line":430,"column":4},"end":{"line":436,"column":5}},"type":"if","locations":[{"start":{"line":430,"column":4},"end":{"line":436,"column":5}},{"start":{},"end":{}}],"line":430},"47":{"loc":{"start":{"line":438,"column":4},"end":{"line":444,"column":5}},"type":"if","locations":[{"start":{"line":438,"column":4},"end":{"line":444,"column":5}},{"start":{},"end":{}}],"line":438},"48":{"loc":{"start":{"line":446,"column":4},"end":{"line":452,"column":5}},"type":"if","locations":[{"start":{"line":446,"column":4},"end":{"line":452,"column":5}},{"start":{},"end":{}}],"line":446},"49":{"loc":{"start":{"line":446,"column":8},"end":{"line":446,"column":67}},"type":"binary-expr","locations":[{"start":{"line":446,"column":8},"end":{"line":446,"column":21}},{"start":{"line":446,"column":25},"end":{"line":446,"column":67}}],"line":446}},"s":{"0":2,"1":1,"2":1,"3":1,"4":0,"5":1,"6":0,"7":1,"8":1,"9":1,"10":1,"11":0,"12":0,"13":0,"14":0,"15":1,"16":1,"17":0,"18":0,"19":0,"20":0,"21":1,"22":0,"23":0,"24":0,"25":0,"26":0,"27":0,"28":0,"29":1,"30":0,"31":0,"32":0,"33":0,"34":0,"35":0,"36":0,"37":0,"38":0,"39":0,"40":0,"41":0,"42":0,"43":0,"44":0,"45":0,"46":0,"47":0,"48":0,"49":0,"50":0,"51":0,"52":0,"53":0,"54":0,"55":0,"56":0,"57":0,"58":0,"59":0,"60":0,"61":0,"62":0,"63":0,"64":0,"65":0,"66":0,"67":0,"68":0,"69":0,"70":0,"71":0,"72":0,"73":0,"74":0,"75":0,"76":0,"77":0,"78":0,"79":0,"80":0,"81":0,"82":0,"83":0,"84":0,"85":0,"86":0,"87":0,"88":0,"89":0,"90":0,"91":0,"92":0,"93":0,"94":0,"95":0,"96":0,"97":0,"98":0,"99":0,"100":0,"101":0,"102":0,"103":0,"104":0,"105":0,"106":0,"107":0,"108":0,"109":0,"110":0,"111":0,"112":0,"113":0,"114":0,"115":0,"116":0,"117":0,"118":0,"119":0,"120":0,"121":0,"122":0,"123":0,"124":0,"125":0,"126":0,"127":0,"128":0,"129":0,"130":0,"131":0,"132":0,"133":0,"134":0,"135":0,"136":0,"137":0,"138":0},"f":{"0":1,"1":1,"2":1,"3":1,"4":0,"5":0,"6":0,"7":0,"8":0,"9":0,"10":0,"11":0,"12":0,"13":0,"14":0,"15":0,"16":0,"17":0,"18":0},"b":{"0":[1,0],"1":[0,1],"2":[1,1],"3":[0,1],"4":[1,1],"5":[0,0],"6":[0,1],"7":[1,1],"8":[0,0],"9":[0,0],"10":[0,0],"11":[0,0,0,0],"12":[1,1,1,1],"13":[0,0],"14":[0,0],"15":[0,0],"16":[0,0],"17":[0,0],"18":[0,0],"19":[0,0],"20":[0,0],"21":[0,0],"22":[0,0],"23":[0,0],"24":[0,0],"25":[0,0],"26":[0,0],"27":[0,0,0],"28":[0,0],"29":[0,0],"30":[0,0],"31":[0,0],"32":[0,0],"33":[0,0],"34":[0,0],"35":[0,0],"36":[0,0],"37":[0,0],"38":[0,0],"39":[0,0],"40":[0,0],"41":[0,0],"42":[0,0],"43":[0,0],"44":[0],"45":[0,0],"46":[0,0],"47":[0,0],"48":[0,0],"49":[0,0]},"inputSourceMap":null,"_coverageSchema":"1a1c01bbd47fc00a2c39e90264f33305004495a9","hash":"195eae7eec6d85153c25d997b571922769394784"}
}
