TN:
SF:bin/ocaml-mcp-server.js
FN:58,registerCleanupHandler
FN:65,runCleanupHandlers
FN:67,(anonymous_2)
FN:81,handleProcessSignal
FN:97,setupSignalHandlers
FN:99,(anonymous_5)
FN:102,(anonymous_6)
FN:105,(anonymous_7)
FN:111,(anonymous_8)
FN:120,showVersion
FN:127,showHelp
FN:159,parseArguments
FN:199,orchestrateExecution
FN:310,main
FN:340,(anonymous_14)
FN:345,(anonymous_15)
FNF:16
FNH:4
FNDA:0,registerCleanupHandler
FNDA:0,runCleanupHandlers
FNDA:0,(anonymous_2)
FNDA:0,handleProcessSignal
FNDA:1,setupSignalHandlers
FNDA:0,(anonymous_5)
FNDA:0,(anonymous_6)
FNDA:0,(anonymous_7)
FNDA:0,(anonymous_8)
FNDA:0,showVersion
FNDA:0,showHelp
FNDA:1,parseArguments
FNDA:1,orchestrateExecution
FNDA:1,main
FNDA:0,(anonymous_14)
FNDA:0,(anonymous_15)
DA:19,1
DA:20,1
DA:21,1
DA:24,1
DA:39,1
DA:52,1
DA:59,0
DA:67,0
DA:68,0
DA:69,0
DA:71,0
DA:74,0
DA:82,0
DA:84,0
DA:87,0
DA:89,0
DA:99,1
DA:102,1
DA:105,1
DA:106,0
DA:107,0
DA:111,1
DA:112,0
DA:113,0
DA:121,0
DA:128,0
DA:129,0
DA:130,0
DA:131,0
DA:132,0
DA:133,0
DA:134,0
DA:135,0
DA:136,0
DA:137,0
DA:140,0
DA:141,0
DA:144,0
DA:145,0
DA:146,0
DA:147,0
DA:148,0
DA:149,0
DA:150,0
DA:151,0
DA:161,1
DA:171,1
DA:172,1
DA:173,0
DA:177,1
DA:178,1
DA:179,1
DA:182,1
DA:191,0
DA:200,1
DA:201,0
DA:204,1
DA:206,1
DA:207,0
DA:208,0
DA:209,0
DA:210,0
DA:211,0
DA:215,1
DA:216,0
DA:219,1
DA:220,1
DA:222,0
DA:223,0
DA:224,0
DA:228,0
DA:229,0
DA:233,0
DA:234,0
DA:235,0
DA:236,0
DA:240,0
DA:241,0
DA:245,0
DA:246,0
DA:249,0
DA:250,0
DA:252,0
DA:253,0
DA:254,0
DA:255,0
DA:258,0
DA:259,0
DA:262,0
DA:263,0
DA:264,0
DA:265,0
DA:269,0
DA:270,0
DA:273,0
DA:274,0
DA:276,0
DA:277,0
DA:281,0
DA:282,0
DA:283,0
DA:286,0
DA:287,0
DA:288,0
DA:291,0
DA:292,0
DA:294,0
DA:296,0
DA:298,0
DA:299,0
DA:302,0
DA:312,1
DA:314,1
DA:316,1
DA:319,1
DA:320,0
DA:321,0
DA:324,1
DA:325,0
DA:326,0
DA:330,1
DA:331,0
DA:333,0
DA:334,0
DA:339,1
DA:343,0
DA:346,0
DA:348,0
LF:128
LH:30
BRDA:87,0,0,0
BRDA:87,0,1,0
BRDA:113,1,0,0
BRDA:113,1,1,0
BRDA:162,2,0,1
BRDA:162,2,1,1
BRDA:163,3,0,1
BRDA:163,3,1,1
BRDA:172,4,0,0
BRDA:172,4,1,1
BRDA:185,5,0,1
BRDA:185,5,1,1
BRDA:187,6,0,0
BRDA:187,6,1,1
BRDA:200,7,0,0
BRDA:200,7,1,1
BRDA:206,8,0,0
BRDA:206,8,1,1
BRDA:215,9,0,0
BRDA:215,9,1,1
BRDA:222,10,0,0
BRDA:222,10,1,0
BRDA:234,11,0,0
BRDA:234,11,1,0
BRDA:245,12,0,0
BRDA:245,12,1,0
BRDA:252,13,0,0
BRDA:252,13,1,0
BRDA:253,14,0,0
BRDA:253,14,1,0
BRDA:258,15,0,0
BRDA:258,15,1,0
BRDA:263,16,0,0
BRDA:263,16,1,0
BRDA:273,17,0,0
BRDA:273,17,1,0
BRDA:276,18,0,0
BRDA:276,18,1,0
BRDA:281,19,0,0
BRDA:281,19,1,0
BRDA:286,20,0,0
BRDA:286,20,1,0
BRDA:298,21,0,0
BRDA:298,21,1,0
BRDA:310,22,0,1
BRDA:319,23,0,0
BRDA:319,23,1,1
BRDA:324,24,0,0
BRDA:324,24,1,1
BRF:49
BRH:14
end_of_record
TN:
SF:lib/argument-parser.js
FN:21,(anonymous_0)
FN:96,(anonymous_1)
FN:117,(anonymous_2)
FNF:3
FNH:1
FNDA:1,(anonymous_0)
FNDA:0,(anonymous_1)
FNDA:0,(anonymous_2)
DA:23,1
DA:24,0
DA:27,1
DA:28,1
DA:29,1
DA:32,1
DA:33,0
DA:36,0
DA:37,0
DA:41,0
DA:43,0
DA:44,0
DA:48,0
DA:49,0
DA:50,0
DA:51,0
DA:53,0
DA:54,0
DA:55,0
DA:59,0
DA:61,0
DA:62,0
DA:64,0
DA:65,0
DA:66,0
DA:68,0
DA:69,0
DA:70,0
DA:71,0
DA:75,0
DA:76,0
DA:77,0
DA:81,0
DA:84,1
DA:97,0
DA:98,0
DA:108,0
DA:117,0
DA:119,0
DA:120,0
LF:40
LH:6
BRDA:23,0,0,0
BRDA:23,0,1,1
BRDA:36,1,0,0
BRDA:36,1,1,0
BRDA:36,2,0,0
BRDA:36,2,1,0
BRDA:36,2,2,0
BRDA:41,3,0,0
BRDA:41,3,1,0
BRDA:48,4,0,0
BRDA:48,4,1,0
BRDA:50,5,0,0
BRDA:50,5,1,0
BRDA:59,6,0,0
BRDA:59,6,1,0
BRDA:61,7,0,0
BRDA:61,7,1,0
BRDA:65,8,0,0
BRDA:65,8,1,0
BRDA:65,9,0,0
BRDA:65,9,1,0
BRDA:75,10,0,0
BRDA:75,10,1,0
BRDA:97,11,0,0
BRDA:97,11,1,0
BRDA:97,12,0,0
BRDA:97,12,1,0
BRDA:119,13,0,0
BRDA:119,13,1,0
BRF:29
BRH:1
end_of_record
TN:
SF:lib/binary-executor.js
FN:11,(anonymous_0)
FN:15,(anonymous_1)
FN:16,(anonymous_2)
FN:26,(anonymous_3)
FN:33,(anonymous_4)
FN:34,(anonymous_5)
FN:37,(anonymous_6)
FN:65,(anonymous_7)
FN:89,(anonymous_8)
FNF:9
FNH:0
FNDA:0,(anonymous_0)
FNDA:0,(anonymous_1)
FNDA:0,(anonymous_2)
FNDA:0,(anonymous_3)
FNDA:0,(anonymous_4)
FNDA:0,(anonymous_5)
FNDA:0,(anonymous_6)
FNDA:0,(anonymous_7)
FNDA:0,(anonymous_8)
DA:12,0
DA:16,0
DA:18,0
DA:19,0
DA:20,0
DA:23,0
DA:26,0
DA:27,0
DA:28,0
DA:33,0
DA:34,0
DA:37,0
DA:39,0
DA:40,0
DA:44,0
DA:46,0
DA:47,0
DA:48,0
DA:49,0
DA:50,0
DA:51,0
DA:54,0
DA:58,0
DA:61,0
DA:65,0
DA:67,0
DA:68,0
DA:72,0
DA:74,0
DA:75,0
DA:77,0
DA:80,0
DA:83,0
DA:90,0
DA:97,0
LF:35
LH:0
BRDA:11,0,0,0
BRDA:27,1,0,0
BRDA:27,1,1,0
BRDA:44,2,0,0
BRDA:44,2,1,0
BRDA:46,3,0,0
BRDA:46,3,1,0
BRDA:48,4,0,0
BRDA:48,4,1,0
BRDA:50,5,0,0
BRDA:50,5,1,0
BRDA:54,6,0,0
BRDA:54,6,1,0
BRDA:72,7,0,0
BRDA:72,7,1,0
BRDA:75,8,0,0
BRDA:75,8,1,0
BRDA:97,9,0,0
BRDA:97,9,1,0
BRF:19
BRH:0
end_of_record
TN:
SF:lib/config-generator.js
FN:14,(anonymous_0)
FNF:1
FNH:0
FNDA:0,(anonymous_0)
DA:16,0
DA:19,0
DA:20,0
DA:24,0
LF:4
LH:0
BRDA:19,0,0,0
BRDA:19,0,1,0
BRDA:19,1,0,0
BRDA:19,1,1,0
BRDA:19,1,2,0
BRF:5
BRH:0
end_of_record
TN:
SF:lib/error-handler.js
FN:13,(anonymous_0)
FN:56,(anonymous_1)
FN:80,(anonymous_2)
FN:113,(anonymous_3)
FN:215,(anonymous_4)
FN:408,(anonymous_5)
FN:437,(anonymous_6)
FN:449,(anonymous_7)
FN:479,(anonymous_8)
FN:502,(anonymous_9)
FN:534,(anonymous_10)
FN:591,(anonymous_11)
FN:602,(anonymous_12)
FN:615,(anonymous_13)
FN:631,(anonymous_14)
FNF:15
FNH:0
FNDA:0,(anonymous_0)
FNDA:0,(anonymous_1)
FNDA:0,(anonymous_2)
FNDA:0,(anonymous_3)
FNDA:0,(anonymous_4)
FNDA:0,(anonymous_5)
FNDA:0,(anonymous_6)
FNDA:0,(anonymous_7)
FNDA:0,(anonymous_8)
FNDA:0,(anonymous_9)
FNDA:0,(anonymous_10)
FNDA:0,(anonymous_11)
FNDA:0,(anonymous_12)
FNDA:0,(anonymous_13)
FNDA:0,(anonymous_14)
DA:15,0
DA:58,0
DA:59,0
DA:68,0
DA:69,0
DA:72,0
DA:74,0
DA:81,0
DA:82,0
DA:90,0
DA:91,0
DA:102,0
DA:115,0
DA:116,0
DA:118,0
DA:119,0
DA:121,0
DA:122,0
DA:124,0
DA:125,0
DA:127,0
DA:128,0
DA:130,0
DA:131,0
DA:135,0
DA:136,0
DA:138,0
DA:139,0
DA:141,0
DA:142,0
DA:144,0
DA:145,0
DA:149,0
DA:150,0
DA:152,0
DA:153,0
DA:155,0
DA:156,0
DA:158,0
DA:159,0
DA:161,0
DA:162,0
DA:164,0
DA:165,0
DA:167,0
DA:168,0
DA:170,0
DA:171,0
DA:173,0
DA:174,0
DA:176,0
DA:177,0
DA:179,0
DA:180,0
DA:182,0
DA:183,0
DA:185,0
DA:186,0
DA:188,0
DA:189,0
DA:193,0
DA:194,0
DA:195,0
DA:196,0
DA:198,0
DA:199,0
DA:201,0
DA:202,0
DA:204,0
DA:205,0
DA:209,0
DA:216,0
DA:218,0
DA:220,0
DA:228,0
DA:236,0
DA:244,0
DA:252,0
DA:260,0
DA:268,0
DA:276,0
DA:284,0
DA:292,0
DA:300,0
DA:308,0
DA:316,0
DA:324,0
DA:332,0
DA:340,0
DA:348,0
DA:356,0
DA:364,0
DA:372,0
DA:380,0
DA:388,0
DA:396,0
DA:409,0
DA:412,0
DA:414,0
DA:415,0
DA:417,0
DA:420,0
DA:424,0
DA:427,0
DA:428,0
DA:431,0
DA:438,0
DA:451,0
DA:452,0
DA:454,0
DA:455,0
DA:457,0
DA:458,0
DA:461,0
DA:463,0
DA:464,0
DA:465,0
DA:467,0
DA:468,0
DA:470,0
DA:471,0
DA:473,0
DA:480,0
DA:482,0
DA:483,0
DA:486,0
DA:487,0
DA:488,0
DA:490,0
DA:491,0
DA:493,0
DA:494,0
DA:496,0
DA:504,0
DA:505,0
DA:507,0
DA:508,0
DA:512,0
DA:513,0
DA:514,0
DA:515,0
DA:517,0
DA:518,0
DA:520,0
DA:521,0
DA:523,0
DA:524,0
DA:528,0
DA:535,0
DA:536,0
DA:539,0
DA:540,0
DA:543,0
DA:544,0
DA:545,0
DA:547,0
DA:548,0
DA:550,0
DA:552,0
DA:553,0
DA:554,0
DA:556,0
DA:557,0
DA:559,0
DA:561,0
DA:562,0
DA:564,0
DA:565,0
DA:567,0
DA:568,0
DA:572,0
DA:573,0
DA:574,0
DA:576,0
DA:578,0
DA:579,0
DA:581,0
DA:582,0
DA:585,0
DA:592,0
DA:595,0
DA:596,0
DA:603,0
DA:605,0
DA:606,0
DA:607,0
DA:609,0
DA:616,0
DA:618,0
DA:619,0
DA:620,0
DA:622,0
DA:623,0
DA:625,0
DA:632,0
DA:633,0
DA:636,0
DA:637,0
DA:638,0
DA:640,0
DA:641,0
DA:644,0
LF:202
LH:0
BRDA:58,0,0,0
BRDA:58,0,1,0
BRDA:58,1,0,0
BRDA:58,1,1,0
BRDA:81,2,0,0
BRDA:81,2,1,0
BRDA:90,3,0,0
BRDA:90,3,1,0
BRDA:93,4,0,0
BRDA:93,4,1,0
BRDA:115,5,0,0
BRDA:115,5,1,0
BRDA:115,6,0,0
BRDA:115,6,1,0
BRDA:118,7,0,0
BRDA:118,7,1,0
BRDA:118,8,0,0
BRDA:118,8,1,0
BRDA:121,9,0,0
BRDA:121,9,1,0
BRDA:121,10,0,0
BRDA:121,10,1,0
BRDA:124,11,0,0
BRDA:124,11,1,0
BRDA:124,12,0,0
BRDA:124,12,1,0
BRDA:127,13,0,0
BRDA:127,13,1,0
BRDA:127,14,0,0
BRDA:127,14,1,0
BRDA:130,15,0,0
BRDA:130,15,1,0
BRDA:130,16,0,0
BRDA:130,16,1,0
BRDA:135,17,0,0
BRDA:135,17,1,0
BRDA:138,18,0,0
BRDA:138,18,1,0
BRDA:141,19,0,0
BRDA:141,19,1,0
BRDA:144,20,0,0
BRDA:144,20,1,0
BRDA:149,21,0,0
BRDA:149,21,1,0
BRDA:149,22,0,0
BRDA:149,22,1,0
BRDA:149,22,2,0
BRDA:152,23,0,0
BRDA:152,23,1,0
BRDA:155,24,0,0
BRDA:155,24,1,0
BRDA:158,25,0,0
BRDA:158,25,1,0
BRDA:161,26,0,0
BRDA:161,26,1,0
BRDA:164,27,0,0
BRDA:164,27,1,0
BRDA:167,28,0,0
BRDA:167,28,1,0
BRDA:170,29,0,0
BRDA:170,29,1,0
BRDA:173,30,0,0
BRDA:173,30,1,0
BRDA:176,31,0,0
BRDA:176,31,1,0
BRDA:179,32,0,0
BRDA:179,32,1,0
BRDA:182,33,0,0
BRDA:182,33,1,0
BRDA:185,34,0,0
BRDA:185,34,1,0
BRDA:188,35,0,0
BRDA:188,35,1,0
BRDA:193,36,0,0
BRDA:193,36,1,0
BRDA:195,37,0,0
BRDA:195,37,1,0
BRDA:195,38,0,0
BRDA:195,38,1,0
BRDA:198,39,0,0
BRDA:198,39,1,0
BRDA:198,40,0,0
BRDA:198,40,1,0
BRDA:201,41,0,0
BRDA:201,41,1,0
BRDA:201,42,0,0
BRDA:201,42,1,0
BRDA:204,43,0,0
BRDA:204,43,1,0
BRDA:204,44,0,0
BRDA:204,44,1,0
BRDA:218,45,0,0
BRDA:218,45,1,0
BRDA:218,45,2,0
BRDA:218,45,3,0
BRDA:218,45,4,0
BRDA:218,45,5,0
BRDA:218,45,6,0
BRDA:218,45,7,0
BRDA:218,45,8,0
BRDA:218,45,9,0
BRDA:218,45,10,0
BRDA:218,45,11,0
BRDA:218,45,12,0
BRDA:218,45,13,0
BRDA:218,45,14,0
BRDA:218,45,15,0
BRDA:218,45,16,0
BRDA:218,45,17,0
BRDA:218,45,18,0
BRDA:218,45,19,0
BRDA:218,45,20,0
BRDA:218,45,21,0
BRDA:218,45,22,0
BRDA:412,46,0,0
BRDA:412,46,1,0
BRDA:414,47,0,0
BRDA:414,47,1,0
BRDA:414,48,0,0
BRDA:414,48,1,0
BRDA:414,48,2,0
BRDA:427,49,0,0
BRDA:427,49,1,0
BRDA:427,50,0,0
BRDA:427,50,1,0
BRDA:451,51,0,0
BRDA:451,51,1,0
BRDA:451,52,0,0
BRDA:451,52,1,0
BRDA:454,53,0,0
BRDA:454,53,1,0
BRDA:454,54,0,0
BRDA:454,54,1,0
BRDA:457,55,0,0
BRDA:457,55,1,0
BRDA:457,56,0,0
BRDA:457,56,1,0
BRDA:461,57,0,0
BRDA:461,57,1,0
BRDA:464,58,0,0
BRDA:464,58,1,0
BRDA:464,59,0,0
BRDA:464,59,1,0
BRDA:464,59,2,0
BRDA:467,60,0,0
BRDA:467,60,1,0
BRDA:467,61,0,0
BRDA:467,61,1,0
BRDA:470,62,0,0
BRDA:470,62,1,0
BRDA:470,63,0,0
BRDA:470,63,1,0
BRDA:470,63,2,0
BRDA:482,64,0,0
BRDA:482,64,1,0
BRDA:487,65,0,0
BRDA:487,65,1,0
BRDA:487,66,0,0
BRDA:487,66,1,0
BRDA:487,66,2,0
BRDA:490,67,0,0
BRDA:490,67,1,0
BRDA:490,68,0,0
BRDA:490,68,1,0
BRDA:490,68,2,0
BRDA:493,69,0,0
BRDA:493,69,1,0
BRDA:493,70,0,0
BRDA:493,70,1,0
BRDA:493,70,2,0
BRDA:504,71,0,0
BRDA:504,71,1,0
BRDA:507,72,0,0
BRDA:507,72,1,0
BRDA:512,73,0,0
BRDA:512,73,1,0
BRDA:514,74,0,0
BRDA:514,74,1,0
BRDA:514,75,0,0
BRDA:514,75,1,0
BRDA:517,76,0,0
BRDA:517,76,1,0
BRDA:517,77,0,0
BRDA:517,77,1,0
BRDA:520,78,0,0
BRDA:520,78,1,0
BRDA:520,79,0,0
BRDA:520,79,1,0
BRDA:523,80,0,0
BRDA:523,80,1,0
BRDA:523,81,0,0
BRDA:523,81,1,0
BRDA:528,82,0,0
BRDA:528,82,1,0
BRDA:535,83,0,0
BRDA:535,83,1,0
BRDA:535,84,0,0
BRDA:535,84,1,0
BRDA:539,85,0,0
BRDA:539,85,1,0
BRDA:540,86,0,0
BRDA:540,86,1,0
BRDA:543,87,0,0
BRDA:543,87,1,0
BRDA:544,88,0,0
BRDA:544,88,1,0
BRDA:544,89,0,0
BRDA:544,89,1,0
BRDA:544,89,2,0
BRDA:547,90,0,0
BRDA:547,90,1,0
BRDA:552,91,0,0
BRDA:552,91,1,0
BRDA:552,92,0,0
BRDA:552,92,1,0
BRDA:553,93,0,0
BRDA:553,93,1,0
BRDA:556,94,0,0
BRDA:556,94,1,0
BRDA:561,95,0,0
BRDA:561,95,1,0
BRDA:561,96,0,0
BRDA:561,96,1,0
BRDA:564,97,0,0
BRDA:564,97,1,0
BRDA:564,98,0,0
BRDA:564,98,1,0
BRDA:567,99,0,0
BRDA:567,99,1,0
BRDA:572,100,0,0
BRDA:572,100,1,0
BRDA:572,101,0,0
BRDA:572,101,1,0
BRDA:573,102,0,0
BRDA:573,102,1,0
BRDA:573,103,0,0
BRDA:573,103,1,0
BRDA:578,104,0,0
BRDA:578,104,1,0
BRDA:578,105,0,0
BRDA:578,105,1,0
BRDA:581,106,0,0
BRDA:581,106,1,0
BRDA:581,107,0,0
BRDA:581,107,1,0
BRDA:592,108,0,0
BRDA:592,108,1,0
BRDA:603,109,0,0
BRDA:603,109,1,0
BRDA:606,110,0,0
BRDA:606,110,1,0
BRDA:606,111,0,0
BRDA:606,111,1,0
BRDA:616,112,0,0
BRDA:616,112,1,0
BRDA:619,113,0,0
BRDA:619,113,1,0
BRDA:622,114,0,0
BRDA:622,114,1,0
BRDA:622,115,0,0
BRDA:622,115,1,0
BRDA:632,116,0,0
BRDA:632,116,1,0
BRDA:637,117,0,0
BRDA:637,117,1,0
BRDA:637,118,0,0
BRDA:637,118,1,0
BRDA:640,119,0,0
BRDA:640,119,1,0
BRDA:640,120,0,0
BRDA:640,120,1,0
BRDA:640,120,2,0
BRF:272
BRH:0
end_of_record
TN:
SF:lib/index.js
FNF:0
FNH:0
LF:0
LH:0
BRF:0
BRH:0
end_of_record
TN:
SF:lib/opam-manager.js
FN:4,(anonymous_0)
FN:22,(anonymous_1)
FN:53,(anonymous_2)
FN:131,(anonymous_3)
FN:158,(anonymous_4)
FN:175,(anonymous_5)
FN:192,(anonymous_6)
FN:226,(anonymous_7)
FN:263,(anonymous_8)
FN:311,(anonymous_9)
FN:312,(anonymous_10)
FN:316,(anonymous_11)
FN:337,(anonymous_12)
FN:363,(anonymous_13)
FN:378,(anonymous_14)
FN:511,(anonymous_15)
FN:519,(anonymous_16)
FN:537,(anonymous_17)
FN:546,(anonymous_18)
FN:547,(anonymous_19)
FN:548,(anonymous_20)
FN:563,(anonymous_21)
FN:580,(anonymous_22)
FN:593,(anonymous_23)
FN:609,(anonymous_24)
FN:620,(anonymous_25)
FN:631,(anonymous_26)
FN:642,(anonymous_27)
FNF:28
FNH:8
FNDA:1,(anonymous_0)
FNDA:0,(anonymous_1)
FNDA:0,(anonymous_2)
FNDA:0,(anonymous_3)
FNDA:1,(anonymous_4)
FNDA:0,(anonymous_5)
FNDA:0,(anonymous_6)
FNDA:1,(anonymous_7)
FNDA:0,(anonymous_8)
FNDA:0,(anonymous_9)
FNDA:0,(anonymous_10)
FNDA:0,(anonymous_11)
FNDA:1,(anonymous_12)
FNDA:1,(anonymous_13)
FNDA:0,(anonymous_14)
FNDA:0,(anonymous_15)
FNDA:0,(anonymous_16)
FNDA:0,(anonymous_17)
FNDA:2,(anonymous_18)
FNDA:2,(anonymous_19)
FNDA:1,(anonymous_20)
FNDA:0,(anonymous_21)
FNDA:0,(anonymous_22)
FNDA:0,(anonymous_23)
FNDA:0,(anonymous_24)
FNDA:0,(anonymous_25)
FNDA:0,(anonymous_26)
FNDA:0,(anonymous_27)
DA:6,1
DA:9,1
DA:23,0
DA:25,0
DA:26,0
DA:27,0
DA:32,0
DA:33,0
DA:34,0
DA:38,0
DA:40,0
DA:43,0
DA:45,0
DA:54,0
DA:56,0
DA:58,0
DA:59,0
DA:60,0
DA:68,0
DA:69,0
DA:70,0
DA:78,0
DA:79,0
DA:80,0
DA:84,0
DA:85,0
DA:87,0
DA:88,0
DA:89,0
DA:90,0
DA:94,0
DA:95,0
DA:99,0
DA:100,0
DA:101,0
DA:102,0
DA:103,0
DA:104,0
DA:105,0
DA:106,0
DA:112,0
DA:113,0
DA:114,0
DA:117,0
DA:119,0
DA:132,0
DA:133,0
DA:134,0
DA:136,0
DA:137,0
DA:143,0
DA:144,0
DA:146,0
DA:160,1
DA:161,1
DA:162,0
DA:165,1
DA:167,1
DA:168,1
DA:169,0
DA:173,1
DA:174,0
DA:175,0
DA:179,1
DA:180,0
DA:181,0
DA:185,0
DA:186,0
DA:187,0
DA:188,0
DA:192,0
DA:193,0
DA:195,0
DA:196,0
DA:197,0
DA:198,0
DA:199,0
DA:200,0
DA:205,0
DA:206,0
DA:207,0
DA:209,0
DA:210,0
DA:213,0
DA:214,0
DA:217,0
DA:218,0
DA:227,1
DA:229,1
DA:232,1
DA:233,0
DA:237,1
DA:238,1
DA:239,1
DA:241,0
DA:242,0
DA:248,0
DA:249,0
DA:251,0
DA:265,0
DA:266,0
DA:268,0
DA:269,0
DA:271,0
DA:272,0
DA:273,0
DA:274,0
DA:275,0
DA:279,0
DA:280,0
DA:281,0
DA:283,0
DA:285,0
DA:286,0
DA:287,0
DA:288,0
DA:290,0
DA:291,0
DA:298,0
DA:299,0
DA:302,0
DA:303,0
DA:311,0
DA:312,0
DA:314,0
DA:315,0
DA:316,0
DA:318,0
DA:325,0
DA:338,1
DA:339,0
DA:342,1
DA:343,1
DA:344,0
DA:354,1
DA:363,1
DA:364,1
DA:365,0
DA:368,1
DA:379,0
DA:380,0
DA:382,0
DA:384,0
DA:385,0
DA:394,0
DA:404,0
DA:405,0
DA:418,0
DA:419,0
DA:429,0
DA:440,0
DA:451,0
DA:463,0
DA:474,0
DA:475,0
DA:484,0
DA:485,0
DA:494,0
DA:512,0
DA:513,0
DA:515,0
DA:517,0
DA:518,0
DA:519,0
DA:520,0
DA:521,0
DA:522,0
DA:528,0
DA:538,0
DA:547,2
DA:548,2
DA:549,1
DA:564,0
DA:565,0
DA:567,0
DA:568,0
DA:569,0
DA:572,0
DA:581,0
DA:582,0
DA:583,0
DA:584,0
DA:585,0
DA:594,0
DA:595,0
DA:597,0
DA:598,0
DA:601,0
DA:611,0
DA:612,0
DA:621,0
DA:623,0
DA:632,0
DA:633,0
DA:634,0
DA:643,0
DA:645,0
LF:197
LH:25
BRDA:4,0,0,0
BRDA:26,1,0,0
BRDA:26,1,1,0
BRDA:26,2,0,0
BRDA:26,2,1,0
BRDA:26,2,2,0
BRDA:26,2,3,0
BRDA:33,3,0,0
BRDA:33,3,1,0
BRDA:38,4,0,0
BRDA:38,4,1,0
BRDA:59,5,0,0
BRDA:59,5,1,0
BRDA:69,6,0,0
BRDA:69,6,1,0
BRDA:79,7,0,0
BRDA:79,7,1,0
BRDA:79,8,0,0
BRDA:79,8,1,0
BRDA:89,9,0,0
BRDA:89,9,1,0
BRDA:94,10,0,0
BRDA:94,10,1,0
BRDA:100,11,0,0
BRDA:100,11,1,0
BRDA:102,12,0,0
BRDA:102,12,1,0
BRDA:105,13,0,0
BRDA:105,13,1,0
BRDA:113,14,0,0
BRDA:113,14,1,0
BRDA:136,15,0,0
BRDA:136,15,1,0
BRDA:161,16,0,0
BRDA:161,16,1,1
BRDA:168,17,0,0
BRDA:168,17,1,1
BRDA:173,18,0,0
BRDA:173,18,1,1
BRDA:180,19,0,0
BRDA:180,19,1,0
BRDA:187,20,0,0
BRDA:187,20,1,0
BRDA:193,21,0,0
BRDA:193,21,1,0
BRDA:195,22,0,0
BRDA:195,22,1,0
BRDA:198,23,0,0
BRDA:198,23,1,0
BRDA:209,24,0,0
BRDA:209,24,1,0
BRDA:217,25,0,0
BRDA:217,25,1,0
BRDA:232,26,0,0
BRDA:232,26,1,1
BRDA:232,27,0,1
BRDA:232,27,1,0
BRDA:232,27,2,0
BRDA:241,28,0,0
BRDA:241,28,1,0
BRDA:244,29,0,0
BRDA:244,29,1,0
BRDA:272,30,0,0
BRDA:272,30,1,0
BRDA:272,31,0,0
BRDA:272,31,1,0
BRDA:272,31,2,0
BRDA:283,32,0,0
BRDA:283,32,1,0
BRDA:286,33,0,0
BRDA:286,33,1,0
BRDA:286,34,0,0
BRDA:286,34,1,0
BRDA:286,34,2,0
BRDA:290,35,0,0
BRDA:290,35,1,0
BRDA:294,36,0,0
BRDA:294,36,1,0
BRDA:314,37,0,0
BRDA:314,37,1,0
BRDA:338,38,0,0
BRDA:338,38,1,1
BRDA:338,39,0,1
BRDA:338,39,1,1
BRDA:343,40,0,0
BRDA:343,40,1,1
BRDA:364,41,0,0
BRDA:364,41,1,1
BRDA:380,42,0,0
BRDA:380,42,1,0
BRDA:382,43,0,0
BRDA:382,43,1,0
BRDA:382,43,2,0
BRDA:382,43,3,0
BRDA:382,43,4,0
BRDA:382,43,5,0
BRDA:382,43,6,0
BRDA:384,44,0,0
BRDA:384,44,1,0
BRDA:410,45,0,0
BRDA:410,45,1,0
BRDA:414,46,0,0
BRDA:414,46,1,0
BRDA:418,47,0,0
BRDA:418,47,1,0
BRDA:474,48,0,0
BRDA:474,48,1,0
BRDA:484,49,0,0
BRDA:484,49,1,0
BRDA:484,50,0,0
BRDA:484,50,1,0
BRDA:502,51,0,0
BRDA:502,51,1,0
BRDA:518,52,0,0
BRDA:518,52,1,0
BRDA:521,53,0,0
BRDA:521,53,1,0
BRDA:521,54,0,0
BRDA:521,54,1,0
BRDA:550,55,0,1
BRDA:550,55,1,1
BRDA:551,56,0,1
BRDA:551,56,1,0
BRDA:568,57,0,0
BRDA:568,57,1,0
BRDA:581,58,0,0
BRDA:581,58,1,0
BRDA:582,59,0,0
BRDA:582,59,1,0
BRDA:582,60,0,0
BRDA:582,60,1,0
BRDA:583,61,0,0
BRDA:583,61,1,0
BRDA:583,62,0,0
BRDA:583,62,1,0
BRDA:584,63,0,0
BRDA:584,63,1,0
BRDA:584,64,0,0
BRDA:584,64,1,0
BRDA:597,65,0,0
BRDA:597,65,1,0
BRDA:598,66,0,0
BRDA:598,66,1,0
BRF:143
BRH:13
end_of_record
TN:
SF:lib/project-detector.js
FN:22,(anonymous_0)
FN:32,(anonymous_1)
FN:80,(anonymous_2)
FN:118,(anonymous_3)
FN:128,(anonymous_4)
FN:195,(anonymous_5)
FN:202,(anonymous_6)
FN:216,(anonymous_7)
FN:253,(anonymous_8)
FN:282,(anonymous_9)
FN:332,(anonymous_10)
FN:337,(anonymous_11)
FN:381,(anonymous_12)
FN:382,(anonymous_13)
FN:387,(anonymous_14)
FN:391,(anonymous_15)
FN:395,(anonymous_16)
FN:413,(anonymous_17)
FN:429,(anonymous_18)
FNF:19
FNH:4
FNDA:1,(anonymous_0)
FNDA:1,(anonymous_1)
FNDA:1,(anonymous_2)
FNDA:1,(anonymous_3)
FNDA:0,(anonymous_4)
FNDA:0,(anonymous_5)
FNDA:0,(anonymous_6)
FNDA:0,(anonymous_7)
FNDA:0,(anonymous_8)
FNDA:0,(anonymous_9)
FNDA:0,(anonymous_10)
FNDA:0,(anonymous_11)
FNDA:0,(anonymous_12)
FNDA:0,(anonymous_13)
FNDA:0,(anonymous_14)
FNDA:0,(anonymous_15)
FNDA:0,(anonymous_16)
FNDA:0,(anonymous_17)
FNDA:0,(anonymous_18)
DA:19,2
DA:24,1
DA:33,1
DA:36,1
DA:37,0
DA:38,1
DA:39,0
DA:41,1
DA:45,1
DA:52,1
DA:53,1
DA:54,0
DA:55,0
DA:64,0
DA:71,0
DA:81,1
DA:83,1
DA:85,0
DA:86,0
DA:87,0
DA:89,0
DA:93,1
DA:94,0
DA:95,0
DA:99,0
DA:101,0
DA:105,0
DA:106,0
DA:109,0
DA:119,1
DA:130,0
DA:157,0
DA:158,0
DA:162,0
DA:163,0
DA:164,0
DA:165,0
DA:169,0
DA:170,0
DA:171,0
DA:172,0
DA:176,0
DA:177,0
DA:178,0
DA:179,0
DA:183,0
DA:184,0
DA:187,0
DA:197,0
DA:198,0
DA:202,0
DA:203,0
DA:204,0
DA:207,0
DA:217,0
DA:218,0
DA:225,0
DA:226,0
DA:233,0
DA:234,0
DA:242,0
DA:254,0
DA:256,0
DA:257,0
DA:261,0
DA:263,0
DA:264,0
DA:270,0
DA:274,0
DA:284,0
DA:285,0
DA:287,0
DA:288,0
DA:289,0
DA:291,0
DA:292,0
DA:293,0
DA:295,0
DA:296,0
DA:301,0
DA:303,0
DA:304,0
DA:305,0
DA:306,0
DA:309,0
DA:310,0
DA:311,0
DA:312,0
DA:315,0
DA:316,0
DA:317,0
DA:321,0
DA:334,0
DA:335,0
DA:337,0
DA:338,0
DA:339,0
DA:340,0
DA:343,0
DA:344,0
DA:345,0
DA:347,0
DA:348,0
DA:349,0
DA:351,0
DA:352,0
DA:354,0
DA:355,0
DA:361,0
DA:362,0
DA:363,0
DA:365,0
DA:366,0
DA:368,0
DA:369,0
DA:372,0
DA:382,0
DA:383,0
DA:384,0
DA:385,0
DA:387,0
DA:388,0
DA:391,0
DA:392,0
DA:395,0
DA:396,0
DA:397,0
DA:404,0
DA:413,0
DA:414,0
DA:430,0
DA:431,0
DA:438,0
DA:439,0
DA:446,0
DA:447,0
DA:455,0
LF:137
LH:13
BRDA:24,0,0,1
BRDA:24,0,1,0
BRDA:36,1,0,0
BRDA:36,1,1,1
BRDA:36,2,0,1
BRDA:36,2,1,1
BRDA:38,3,0,0
BRDA:38,3,1,1
BRDA:38,4,0,1
BRDA:38,4,1,1
BRDA:54,5,0,0
BRDA:54,5,1,0
BRDA:83,6,0,0
BRDA:83,6,1,1
BRDA:83,7,0,1
BRDA:83,7,1,1
BRDA:86,8,0,0
BRDA:86,8,1,0
BRDA:94,9,0,0
BRDA:94,9,1,0
BRDA:105,10,0,0
BRDA:105,10,1,0
BRDA:105,11,0,0
BRDA:105,11,1,0
BRDA:105,11,2,0
BRDA:105,11,3,0
BRDA:119,12,0,1
BRDA:119,12,1,1
BRDA:119,12,2,1
BRDA:119,12,3,1
BRDA:157,13,0,0
BRDA:157,13,1,0
BRDA:162,14,0,0
BRDA:162,14,1,0
BRDA:169,15,0,0
BRDA:169,15,1,0
BRDA:176,16,0,0
BRDA:176,16,1,0
BRDA:183,17,0,0
BRDA:183,17,1,0
BRDA:197,18,0,0
BRDA:197,18,1,0
BRDA:203,19,0,0
BRDA:203,19,1,0
BRDA:217,20,0,0
BRDA:217,20,1,0
BRDA:225,21,0,0
BRDA:225,21,1,0
BRDA:233,22,0,0
BRDA:233,22,1,0
BRDA:233,23,0,0
BRDA:233,23,1,0
BRDA:256,24,0,0
BRDA:256,24,1,0
BRDA:263,25,0,0
BRDA:263,25,1,0
BRDA:284,26,0,0
BRDA:284,26,1,0
BRDA:285,27,0,0
BRDA:285,27,1,0
BRDA:285,27,2,0
BRDA:303,28,0,0
BRDA:303,28,1,0
BRDA:303,29,0,0
BRDA:303,29,1,0
BRDA:309,30,0,0
BRDA:309,30,1,0
BRDA:309,31,0,0
BRDA:309,31,1,0
BRDA:315,32,0,0
BRDA:315,32,1,0
BRDA:315,33,0,0
BRDA:315,33,1,0
BRDA:344,34,0,0
BRDA:344,34,1,0
BRDA:345,35,0,0
BRDA:345,35,1,0
BRDA:347,36,0,0
BRDA:347,36,1,0
BRDA:348,37,0,0
BRDA:348,37,1,0
BRDA:351,38,0,0
BRDA:351,38,1,0
BRDA:354,39,0,0
BRDA:354,39,1,0
BRDA:361,40,0,0
BRDA:361,40,1,0
BRDA:362,41,0,0
BRDA:362,41,1,0
BRDA:365,42,0,0
BRDA:365,42,1,0
BRDA:368,43,0,0
BRDA:368,43,1,0
BRDA:381,44,0,0
BRDA:396,45,0,0
BRDA:396,45,1,0
BRDA:430,46,0,0
BRDA:430,46,1,0
BRDA:438,47,0,0
BRDA:438,47,1,0
BRDA:446,48,0,0
BRDA:446,48,1,0
BRDA:446,49,0,0
BRDA:446,49,1,0
BRF:104
BRH:14
end_of_record
